[32m>[39m Building NixOS configuration
[?25l[?2026h[35;1mwarning:[0m Git tree '/home/miniluz/nixos-config' is dirty
[1mâ± 0s[0m[?2026l[?2026h[1G[2K[1mâ± 0s[0m[?2026l[?2026h[1G[2K[1mâ± 0s[0m[?2026l[?2026h[1G[2K[1mâ± 0s[0m[?2026l[?2026h[1G[2K[1mâ± 0s[0m[?2026l[?2026h[1G[2K[1mâ± 0s[0m[?2026l[?2026h[1G[2K[1mâ± 0s[0m[?2026l[?2026h[1G[2K[1mâ± 0s[0m[?2026l[?2026h[1G[2K[1mâ± 0s[0m[?2026l[?2026h[1G[2K[1mâ± 0s[0m[?2026l[?2026h[1G[2K[1mâ± 0s[0m[?2026l[?2026h[1G[2K[1mâ± 0s[0m[?2026l[?2026h[1G[2K[1mâ± 0s[0m[?2026l[?2026h[1G[2K[1mâ± 0s[0m[?2026l[?2026h[1G[2K[1mâ± 0s[0m[?2026l[?2026h[1G[2K[1mâ± 0s[0m[?2026l[?2026h[1G[2K[1mâ± 1s[0m[?2026l[?2026h[1G[2K[1mâ± 1s[0m[?2026l[?2026h[1G[2K[1mâ± 1s[0m[?2026l[?2026h[1G[2K[1mâ± 1s[0m[?2026l[?2026h[1G[2K[1mâ± 1s[0m[?2026l[?2026h[1G[2K[1mâ± 1s[0m[?2026l[?2026h[1G[2K[1mâ± 1s[0m[?2026l[?2026h[1G[2K[1mâ± 1s[0m[?2026l[?2026h[1G[2K[1mâ± 1s[0m[?2026l[?2026h[1G[2K[1mâ± 1s[0m[?2026l[?2026h[1G[2K[1mâ± 1s[0m[?2026l[?2026h[1G[2K[1mâ± 1s[0m[?2026l[?2026h[1G[2K[1mâ± 2s[0m[?2026l[?2026h[1G[2K[1mâ± 2s[0m[?2026l[?2026h[1G[2K[1mâ± 2s[0m[?2026l[?2026h[1G[2K[1mâ± 2s[0m[?2026l[?2026h[1G[2K[1mâ± 2s[0m[?2026l[?2026h[1G[2K[1mâ± 3s[0m[?2026l[?2026h[1G[2K[1mâ± 3s[0m[?2026l[?2026h[1G[2K[1mâ± 3s[0m[?2026l[?2026h[1G[2K[1mâ± 3s[0m[?2026l[?2026h[1G[2K[1mâ± 3s[0m[?2026l[?2026h[1G[2K[1mâ± 3s[0m[?2026l[?2026h[1G[2K[1mâ± 3s[0m[?2026l[?2026h[1G[2K[1mâ± 3s[0m[?2026l[?2026h[1G[2K[1mâ± 3s[0m[?2026l[?2026h[1G[2K[1mâ± 3s[0m[?2026l[?2026h[1G[2K[1mâ± 3s[0m[?2026l[?2026h[1G[2K[1mâ± 3s[0m[?2026l[?2026h[1G[2K[1mâ± 4s[0m[?2026l[?2026h[1G[2K[1mâ± 4s[0m[?2026l[?2026h[1G[2K[1mâ± 4s[0m[?2026l[?2026h[1G[2K[1mâ± 4s[0m[?2026l[?2026h[1G[2K[1mâ± 4s[0m[?2026l[?2026h[1G[2K[1mâ± 5s[0m[?2026l[?2026h[1G[2K[1mâ± 5s[0m[?2026l[?2026h[1G[2K[1mâ± 6s[0m[?2026l[?2026h[1G[2K[1mâ± 6s[0m[?2026l[?2026h[1G[2K[1mâ± 6s[0m[?2026l[?2026h[1G[2K[1mâ± 6s[0m[?2026l[?2026h[1G[2K[1mâ± 6s[0m[?2026l[?2026h[1G[2K[1mâ± 6s[0m[?2026l[?2026h[1G[2K[1mâ± 6s[0m[?2026l[?2026h[1G[2K[1mâ± 6s[0m[?2026l[?2026h[1G[2K[1mâ± 6s[0m[?2026l[?2026h[1G[2K[1mâ± 7s[0m[?2026l[?2026h[1G[2K[1mâ± 7s[0m[?2026l[?2026h[1G[2K[1mâ± 7s[0m[?2026l[?2026h[1G[2K[1mâ± 7s[0m[?2026l[?2026h[1G[2K[1mâ± 7s[0m[?2026l[?2026h[1G[2K[1mâ± 7s[0m[?2026l[?2026h[1G[2K[1mâ± 7s[0m[?2026l[?2026h[1G[2K[1mâ± 8s[0m[?2026l[?2026h[1G[2K[1mâ± 9s[0m[?2026l[?2026h[1G[2K[1mâ± 10s[0m[?2026l[?2026h[1G[2K[1mâ± 10s[0m[?2026l[?2026h[1G[2K[1mâ± 10s[0m[?2026l[?2026h[1G[2K[1mâ± 10s[0m[?2026l[?2026h[1G[2K[1mâ± 11s[0m[?2026l[?2026h[1G[2K[1mâ± 11s[0m[?2026l[?2026h[1G[2K[1mâ± 11s[0m[?2026l[?2026h[1G[2K[1mâ± 11s[0m[?2026l[?2026h[1G[2K[1mâ± 11s[0m[?2026l[?2026h[1G[2K[1mâ± 11s[0m[?2026l[?2026h[1G[2K[1mâ± 11s[0m[?2026l[?2026h[1G[2K[1mâ± 11s[0m[?2026l[?2026h[1G[2K[1mâ± 12s[0m[?2026l[?2026h[1G[2K[1mâ± 12s[0m[?2026l[?2026h[1G[2K[1mâ± 12s[0m[?2026l[?2026h[1G[2K[1mâ± 12s[0m[?2026l[?2026h[1G[2K[1mâ± 12s[0m[?2026l[?2026h[1G[2K[1mâ± 12s[0m[?2026l[?2026h[1G[2K[1mâ± 12s[0m[?2026l[?2026h[1G[2K[1mâ± 12s[0m[?2026l[?2026h[1G[2K[1mâ± 12s[0m[?2026l[?2026h[1G[2K[1mâ± 12s[0m[?2026l[?2026h[1G[2K[1mâ± 13s[0m[?2026l[?2026h[1G[2K[1mâ± 13s[0m[?2026l[?2026h[1G[2K[1mâ± 13s[0m[?2026l[?2026h[1G[2K[1mâ± 13s[0m[?2026l[?2026h[1G[2Kthese 16 derivations will be built:
  /nix/store/yackk7lz8maal3vvabkd8irhwx2nx4y6-rebuild.drv
  /nix/store/c6xg0v0174vnavav8nk6rymh2vpspn0i-system-path.drv
  /nix/store/0w47q2fsy67ikj5dpv44p2gjc590kgi8-X-Restart-Triggers-polkit.drv
  /nix/store/52li3y294y1fqfnw8rb80zsw3nwrwv8d-unit-polkit.service.drv
  /nix/store/8011mgnsj1pwp5psbn8h86d9gb8xx7qb-unit-accounts-daemon.service.drv
  /nix/store/v0vix0a3m8bgfn65y4rw6f36i0k752vn-dbus-1.drv
â”â” [1mDependency Graph[0m with 3 roots:
â”ƒ [34mâ”Œâ”€ [0m[34mâ¸ X-Restart-Triggers-polkit[0m
â”ƒ [34mâ¸ unit-polkit.service[0m
â”ƒ [34mâ¸ unit-accounts-daemon.service[0m
â”ƒ    [34mâ”Œâ”€ [0m[34mâ¸ rebuild[0m
â”ƒ [34mâ”Œâ”€ [0m[34mâ¸ system-path[0m
â”ƒ [34mâ¸ dbus-1[0m[0m
â”£â”â”â” [1mBuilds         [0m
â”—â” âˆ‘ [33mâµ 0[0m â”‚ [32mâœ” 0[0m â”‚ [34mâ¸ [1m6[0m[0m â”‚ [1mâ± 13s[0m[?2026l[?2026h[2K[1F[2K[1F[2K[1F[2K[1F[2K[1F[2K[1F[2K[1F[2K[1F[2K  /nix/store/z4wapyxn7ws7f83vhn12iijsa313vck7-X-Restart-Triggers-dbus.drv
  /nix/store/9jprqvbby07d47zmq59wp083404w4dwi-unit-dbus.service.drv
  /nix/store/ahnmn9256545cwdnxanah2yhik6b45d1-set-environment.drv
  /nix/store/g72bwrjw731cns197skw0d099jvmy7q2-system-units.drv
  /nix/store/y7vxh0csv6559iyshpdasnyyzns6mzv4-unit-dbus.service.drv
  /nix/store/g8sbg5w2hq36kfxzxsr00ym4fhzjzzyy-user-units.drv
  /nix/store/i557p6ylvjgzxvxh8xslmsmj5prqrgnv-etc-profile.drv
  /nix/store/vf6ph8zz2xj9qvxvy98ajr5igr8c6vdn-etc-pam-environment.drv
  /nix/store/a9id0379bb6i16g0fpcs62v5056z6w5m-etc.drv
  /nix/store/skd3q7brbavm21rwx6zdqz0jgwma7d8p-nixos-system-pccasa-25.11.20250603.c2a0396.drv
â”â” [1mDependency Graph[0m:
â”ƒ    [34mâ”Œâ”€ [0m[34mâ¸ etc-pam-environment[0m
â”ƒ    [34mâ”œâ”€ [0m[34mâ¸ etc-profile[0m
â”ƒ    [34mâ”‚  [0m[34mâ”Œâ”€ [0m[34mâ¸ unit-dbus.service[0m
â”ƒ    [34mâ”œâ”€ [0m[34mâ¸ user-units[0m
â”ƒ    [34mâ”‚  [0m      [34mâ”Œâ”€ [0m[34mâ¸ dbus-1[0m
â”ƒ    [34mâ”‚  [0m   [34mâ”Œâ”€ [0m[34mâ¸ X-Restart-Triggers-dbus[0m
â”ƒ    [34mâ”‚  [0m[34mâ”Œâ”€ [0m[34mâ¸ unit-dbus.service[0m
â”ƒ    [34mâ”‚  [0m[34mâ”œâ”€ [0m[34mâ¸ unit-accounts-daemon.service[0m
â”ƒ    [34mâ”‚  [0m[34mâ”‚  [0m[34mâ”Œâ”€ [0m[34mâ¸ X-Restart-Triggers-polkit[0m
â”ƒ    [34mâ”‚  [0m[34mâ”œâ”€ [0m[34mâ¸ unit-polkit.service[0m
â”ƒ    [34mâ”œâ”€ [0m[34mâ¸ system-units[0m
â”ƒ    [34mâ”‚  [0m   [34mâ”Œâ”€ [0m[34mâ¸ rebuild[0m
â”ƒ    [34mâ”‚  [0m[34mâ”Œâ”€ [0m[34mâ¸ system-path[0m
â”ƒ    [34mâ”œâ”€ [0m[34mâ¸ set-environment[0m
â”ƒ [34mâ”Œâ”€ [0m[34mâ¸ etc[0m
â”ƒ [34mâ¸ nixos-system-pccasa-25.11.20250603.c2a0396[0m[0m
â”£â”â”â” [1mBuilds          [0m
â”—â” âˆ‘ [33mâµ 0[0m â”‚ [32mâœ” 0[0m â”‚ [34mâ¸ [1m16[0m[0m â”‚ [1mâ± 14s[0m[?2026l[?2026h[2K[1F[2K[1F[2K[1F[2K[1F[2K[1F[2K[1F[2K[1F[2K[1F[2K[1F[2K[1F[2K[1F[2K[1F[2K[1F[2K[1F[2K[1F[2K[1F[2K[1F[2K[1F[2Kâ”â” [1mDependency Graph[0m:
â”ƒ    [34mâ”Œâ”€ [0m[34mâ¸ etc-pam-environment[0m
â”ƒ    [34mâ”œâ”€ [0m[34mâ¸ etc-profile[0m
â”ƒ    [34mâ”‚  [0m[34mâ”Œâ”€ [0m[34mâ¸ unit-dbus.service[0m
â”ƒ    [34mâ”œâ”€ [0m[34mâ¸ user-units[0m
â”ƒ    [34mâ”‚  [0m      [34mâ”Œâ”€ [0m[34mâ¸ dbus-1[0m
â”ƒ    [34mâ”‚  [0m   [34mâ”Œâ”€ [0m[34mâ¸ X-Restart-Triggers-dbus[0m
â”ƒ    [34mâ”‚  [0m[34mâ”Œâ”€ [0m[34mâ¸ unit-dbus.service[0m
â”ƒ    [34mâ”‚  [0m[34mâ”œâ”€ [0m[34mâ¸ unit-accounts-daemon.service[0m
â”ƒ    [34mâ”‚  [0m[34mâ”‚  [0m[34mâ”Œâ”€ [0m[34mâ¸ X-Restart-Triggers-polkit[0m
â”ƒ    [34mâ”‚  [0m[34mâ”œâ”€ [0m[34mâ¸ unit-polkit.service[0m
â”ƒ    [34mâ”œâ”€ [0m[34mâ¸ system-units[0m
â”ƒ    [34mâ”‚  [0m   [34mâ”Œâ”€ [0m[34mâ¸ rebuild[0m
â”ƒ    [34mâ”‚  [0m[34mâ”Œâ”€ [0m[34mâ¸ system-path[0m
â”ƒ    [34mâ”œâ”€ [0m[34mâ¸ set-environment[0m
â”ƒ [34mâ”Œâ”€ [0m[34mâ¸ etc[0m
â”ƒ [34mâ¸ nixos-system-pccasa-25.11.20250603.c2a0396[0m[0m
â”£â”â”â” [1mBuilds          [0m
â”—â” âˆ‘ [33mâµ 0[0m â”‚ [32mâœ” 0[0m â”‚ [34mâ¸ [1m16[0m[0m â”‚ [1mâ± 14s[0m[?2026l[?2026h[2K[1F[2K[1F[2K[1F[2K[1F[2K[1F[2K[1F[2K[1F[2K[1F[2K[1F[2K[1F[2K[1F[2K[1F[2K[1F[2K[1F[2K[1F[2K[1F[2K[1F[2K[1F[2K[0m[34mrebuild> [0mbuilding '/nix/store/yackk7lz8maal3vvabkd8irhwx2nx4y6-rebuild.drv'
â”â” [1mDependency Graph[0m:
â”ƒ    [34mâ”Œâ”€ [0m[34mâ¸ etc-pam-environment[0m
â”ƒ    [34mâ”œâ”€ [0m[34mâ¸ etc-profile[0m
â”ƒ    [34mâ”‚  [0m[34mâ”Œâ”€ [0m[34mâ¸ unit-dbus.service[0m
â”ƒ    [34mâ”œâ”€ [0m[34mâ¸ user-units[0m
â”ƒ    [34mâ”‚  [0m      [34mâ”Œâ”€ [0m[34mâ¸ dbus-1[0m
â”ƒ    [34mâ”‚  [0m   [34mâ”Œâ”€ [0m[34mâ¸ X-Restart-Triggers-dbus[0m
â”ƒ    [34mâ”‚  [0m[34mâ”Œâ”€ [0m[34mâ¸ unit-dbus.service[0m
â”ƒ    [34mâ”‚  [0m[34mâ”œâ”€ [0m[34mâ¸ unit-accounts-daemon.service[0m
â”ƒ    [34mâ”‚  [0m[34mâ”‚  [0m[34mâ”Œâ”€ [0m[34mâ¸ X-Restart-Triggers-polkit[0m
â”ƒ    [34mâ”‚  [0m[34mâ”œâ”€ [0m[34mâ¸ unit-polkit.service[0m
â”ƒ    [34mâ”œâ”€ [0m[34mâ¸ system-units[0m
â”ƒ    [34mâ”‚  [0m   [34mâ”Œâ”€ [0m[32mâœ” rebuild[0m [90m[0m
â”ƒ    [34mâ”‚  [0m[34mâ”Œâ”€ [0m[34mâ¸ system-path[0m
â”ƒ    [34mâ”œâ”€ [0m[34mâ¸ set-environment[0m
â”ƒ [34mâ”Œâ”€ [0m[34mâ¸ etc[0m
â”ƒ [34mâ¸ nixos-system-pccasa-25.11.20250603.c2a0396[0m[0m
â”£â”â”â” [1mBuilds          [0m
â”—â” âˆ‘ [33mâµ 0[0m â”‚ [32mâœ” [1m1[0m[0m â”‚ [34mâ¸ [1m15[0m[0m â”‚ [1mâ± 14s[0m[?2026l[?2026h[2K[1F[2K[1F[2K[1F[2K[1F[2K[1F[2K[1F[2K[1F[2K[1F[2K[1F[2K[1F[2K[1F[2K[1F[2K[1F[2K[1F[2K[1F[2K[1F[2K[1F[2K[1F[2K[0m[34msystem-path> [0mbuilding '/nix/store/c6xg0v0174vnavav8nk6rymh2vpspn0i-system-path.drv'
â”â” [1mDependency Graph[0m:
â”ƒ    [34mâ”Œâ”€ [0m[34mâ¸ etc-pam-environment[0m[90m waiting for [0m[33m1 âµ[0m
â”ƒ    [34mâ”œâ”€ [0m[34mâ¸ etc-profile[0m[90m waiting for [0m[33m1 âµ[0m
â”ƒ    [34mâ”‚  [0m[34mâ”Œâ”€ [0m[34mâ¸ unit-dbus.service[0m[90m waiting for [0m[33m1 âµ[0m
â”ƒ    [34mâ”œâ”€ [0m[34mâ¸ user-units[0m
â”ƒ    [34mâ”‚  [0m      [34mâ”Œâ”€ [0m[34mâ¸ dbus-1[0m[90m waiting for [0m[33m1 âµ[0m
â”ƒ    [34mâ”‚  [0m   [34mâ”Œâ”€ [0m[34mâ¸ X-Restart-Triggers-dbus[0m
â”ƒ    [34mâ”‚  [0m[34mâ”Œâ”€ [0m[34mâ¸ unit-dbus.service[0m
â”ƒ    [34mâ”‚  [0m[34mâ”œâ”€ [0m[34mâ¸ unit-accounts-daemon.service[0m[90m waiting for [0m[33m1 âµ[0m
â”ƒ    [34mâ”‚  [0m[34mâ”‚  [0m[34mâ”Œâ”€ [0m[34mâ¸ X-Restart-Triggers-polkit[0m[90m waiting for [0m[33m1 âµ[0m
â”ƒ    [34mâ”‚  [0m[34mâ”œâ”€ [0m[34mâ¸ unit-polkit.service[0m
â”ƒ    [34mâ”œâ”€ [0m[34mâ¸ system-units[0m
â”ƒ    [34mâ”‚  [0m   [34mâ”Œâ”€ [0m[32mâœ” rebuild[0m [90m[0m
â”ƒ    [34mâ”‚  [0m[34mâ”Œâ”€ [0m[33m[1mâµ system-path[0m[0m
â”ƒ    [34mâ”œâ”€ [0m[34mâ¸ set-environment[0m
â”ƒ [34mâ”Œâ”€ [0m[34mâ¸ etc[0m
â”ƒ [34mâ¸ nixos-system-pccasa-25.11.20250603.c2a0396[0m[0m
â”£â”â”â” [1mBuilds          [0m
â”—â” âˆ‘ [33mâµ [1m1[0m[0m â”‚ [32mâœ” [1m1[0m[0m â”‚ [34mâ¸ [1m14[0m[0m â”‚ [1mâ± 14s[0m[?2026l[?2026h[2K[1F[2K[1F[2K[1F[2K[1F[2K[1F[2K[1F[2K[1F[2K[1F[2K[1F[2K[1F[2K[1F[2K[1F[2K[1F[2K[1F[2K[1F[2K[1F[2K[1F[2K[1F[2K[0m[34msystem-path> [0mwarning: collision between `/nix/store/h5zp8yyhnsfrm7k4qlcisf2dw99fr9yz-steam-run/bin/steam-run' and `/nix/store/raa28d66dg187k7cf6v0gvzysfvm6rn0-steam-run/bin/steam-run'
â”â” [1mDependency Graph[0m:
â”ƒ    [34mâ”Œâ”€ [0m[34mâ¸ etc-pam-environment[0m[90m waiting for [0m[33m1 âµ[0m
â”ƒ    [34mâ”œâ”€ [0m[34mâ¸ etc-profile[0m[90m waiting for [0m[33m1 âµ[0m
â”ƒ    [34mâ”‚  [0m[34mâ”Œâ”€ [0m[34mâ¸ unit-dbus.service[0m[90m waiting for [0m[33m1 âµ[0m
â”ƒ    [34mâ”œâ”€ [0m[34mâ¸ user-units[0m
â”ƒ    [34mâ”‚  [0m      [34mâ”Œâ”€ [0m[34mâ¸ dbus-1[0m[90m waiting for [0m[33m1 âµ[0m
â”ƒ    [34mâ”‚  [0m   [34mâ”Œâ”€ [0m[34mâ¸ X-Restart-Triggers-dbus[0m
â”ƒ    [34mâ”‚  [0m[34mâ”Œâ”€ [0m[34mâ¸ unit-dbus.service[0m
â”ƒ    [34mâ”‚  [0m[34mâ”œâ”€ [0m[34mâ¸ unit-accounts-daemon.service[0m[90m waiting for [0m[33m1 âµ[0m
â”ƒ    [34mâ”‚  [0m[34mâ”‚  [0m[34mâ”Œâ”€ [0m[34mâ¸ X-Restart-Triggers-polkit[0m[90m waiting for [0m[33m1 âµ[0m
â”ƒ    [34mâ”‚  [0m[34mâ”œâ”€ [0m[34mâ¸ unit-polkit.service[0m
â”ƒ    [34mâ”œâ”€ [0m[34mâ¸ system-units[0m
â”ƒ    [34mâ”‚  [0m   [34mâ”Œâ”€ [0m[32mâœ” rebuild[0m [90m[0m
â”ƒ    [34mâ”‚  [0m[34mâ”Œâ”€ [0m[33m[1mâµ system-path[0m[0m
â”ƒ    [34mâ”œâ”€ [0m[34mâ¸ set-environment[0m
â”ƒ [34mâ”Œâ”€ [0m[34mâ¸ etc[0m
â”ƒ [34mâ¸ nixos-system-pccasa-25.11.20250603.c2a0396[0m[0m
â”£â”â”â” [1mBuilds          [0m
â”—â” âˆ‘ [33mâµ [1m1[0m[0m â”‚ [32mâœ” [1m1[0m[0m â”‚ [34mâ¸ [1m14[0m[0m â”‚ [1mâ± 15s[0m[?2026l[?2026h[2K[1F[2K[1F[2K[1F[2K[1F[2K[1F[2K[1F[2K[1F[2K[1F[2K[1F[2K[1F[2K[1F[2K[1F[2K[1F[2K[1F[2K[1F[2K[1F[2K[1F[2K[1F[2K[0m[34msystem-path> [0mcreated 15867 symlinks in user environment
â”â” [1mDependency Graph[0m:
â”ƒ    [34mâ”Œâ”€ [0m[34mâ¸ etc-pam-environment[0m[90m waiting for [0m[33m1 âµ[0m
â”ƒ    [34mâ”œâ”€ [0m[34mâ¸ etc-profile[0m[90m waiting for [0m[33m1 âµ[0m
â”ƒ    [34mâ”‚  [0m[34mâ”Œâ”€ [0m[34mâ¸ unit-dbus.service[0m[90m waiting for [0m[33m1 âµ[0m
â”ƒ    [34mâ”œâ”€ [0m[34mâ¸ user-units[0m
â”ƒ    [34mâ”‚  [0m      [34mâ”Œâ”€ [0m[34mâ¸ dbus-1[0m[90m waiting for [0m[33m1 âµ[0m
â”ƒ    [34mâ”‚  [0m   [34mâ”Œâ”€ [0m[34mâ¸ X-Restart-Triggers-dbus[0m
â”ƒ    [34mâ”‚  [0m[34mâ”Œâ”€ [0m[34mâ¸ unit-dbus.service[0m
â”ƒ    [34mâ”‚  [0m[34mâ”œâ”€ [0m[34mâ¸ unit-accounts-daemon.service[0m[90m waiting for [0m[33m1 âµ[0m
â”ƒ    [34mâ”‚  [0m[34mâ”‚  [0m[34mâ”Œâ”€ [0m[34mâ¸ X-Restart-Triggers-polkit[0m[90m waiting for [0m[33m1 âµ[0m
â”ƒ    [34mâ”‚  [0m[34mâ”œâ”€ [0m[34mâ¸ unit-polkit.service[0m
â”ƒ    [34mâ”œâ”€ [0m[34mâ¸ system-units[0m
â”ƒ    [34mâ”‚  [0m   [34mâ”Œâ”€ [0m[32mâœ” rebuild[0m [90m[0m
â”ƒ    [34mâ”‚  [0m[34mâ”Œâ”€ [0m[33m[1mâµ system-path[0m[0m
â”ƒ    [34mâ”œâ”€ [0m[34mâ¸ set-environment[0m
â”ƒ [34mâ”Œâ”€ [0m[34mâ¸ etc[0m
â”ƒ [34mâ¸ nixos-system-pccasa-25.11.20250603.c2a0396[0m[0m
â”£â”â”â” [1mBuilds          [0m
â”—â” âˆ‘ [33mâµ [1m1[0m[0m â”‚ [32mâœ” [1m1[0m[0m â”‚ [34mâ¸ [1m14[0m[0m â”‚ [1mâ± 15s[0m[?2026l[?2026h[2K[1F[2K[1F[2K[1F[2K[1F[2K[1F[2K[1F[2K[1F[2K[1F[2K[1F[2K[1F[2K[1F[2K[1F[2K[1F[2K[1F[2K[1F[2K[1F[2K[1F[2K[1F[2K[0m[34msystem-path> [0mgtk-update-icon-cache: Cache file created successfully.
â”â” [1mDependency Graph[0m:
â”ƒ    [34mâ”Œâ”€ [0m[34mâ¸ etc-pam-environment[0m[90m waiting for [0m[33m1 âµ[0m
â”ƒ    [34mâ”œâ”€ [0m[34mâ¸ etc-profile[0m[90m waiting for [0m[33m1 âµ[0m
â”ƒ    [34mâ”‚  [0m[34mâ”Œâ”€ [0m[34mâ¸ unit-dbus.service[0m[90m waiting for [0m[33m1 âµ[0m
â”ƒ    [34mâ”œâ”€ [0m[34mâ¸ user-units[0m
â”ƒ    [34mâ”‚  [0m      [34mâ”Œâ”€ [0m[34mâ¸ dbus-1[0m[90m waiting for [0m[33m1 âµ[0m
â”ƒ    [34mâ”‚  [0m   [34mâ”Œâ”€ [0m[34mâ¸ X-Restart-Triggers-dbus[0m
â”ƒ    [34mâ”‚  [0m[34mâ”Œâ”€ [0m[34mâ¸ unit-dbus.service[0m
â”ƒ    [34mâ”‚  [0m[34mâ”œâ”€ [0m[34mâ¸ unit-accounts-daemon.service[0m[90m waiting for [0m[33m1 âµ[0m
â”ƒ    [34mâ”‚  [0m[34mâ”‚  [0m[34mâ”Œâ”€ [0m[34mâ¸ X-Restart-Triggers-polkit[0m[90m waiting for [0m[33m1 âµ[0m
â”ƒ    [34mâ”‚  [0m[34mâ”œâ”€ [0m[34mâ¸ unit-polkit.service[0m
â”ƒ    [34mâ”œâ”€ [0m[34mâ¸ system-units[0m
â”ƒ    [34mâ”‚  [0m   [34mâ”Œâ”€ [0m[32mâœ” rebuild[0m [90m[0m
â”ƒ    [34mâ”‚  [0m[34mâ”Œâ”€ [0m[33m[1mâµ system-path[0m[0m â± 1s
â”ƒ    [34mâ”œâ”€ [0m[34mâ¸ set-environment[0m
â”ƒ [34mâ”Œâ”€ [0m[34mâ¸ etc[0m
â”ƒ [34mâ¸ nixos-system-pccasa-25.11.20250603.c2a0396[0m[0m
â”£â”â”â” [1mBuilds          [0m
â”—â” âˆ‘ [33mâµ [1m1[0m[0m â”‚ [32mâœ” [1m1[0m[0m â”‚ [34mâ¸ [1m14[0m[0m â”‚ [1mâ± 15s[0m[?2026l[?2026h[2K[1F[2K[1F[2K[1F[2K[1F[2K[1F[2K[1F[2K[1F[2K[1F[2K[1F[2K[1F[2K[1F[2K[1F[2K[1F[2K[1F[2K[1F[2K[1F[2K[1F[2K[1F[2Kâ”â” [1mDependency Graph[0m:
â”ƒ    [34mâ”Œâ”€ [0m[34mâ¸ etc-pam-environment[0m[90m waiting for [0m[33m1 âµ[0m
â”ƒ    [34mâ”œâ”€ [0m[34mâ¸ etc-profile[0m[90m waiting for [0m[33m1 âµ[0m
â”ƒ    [34mâ”‚  [0m[34mâ”Œâ”€ [0m[34mâ¸ unit-dbus.service[0m[90m waiting for [0m[33m1 âµ[0m
â”ƒ    [34mâ”œâ”€ [0m[34mâ¸ user-units[0m
â”ƒ    [34mâ”‚  [0m      [34mâ”Œâ”€ [0m[34mâ¸ dbus-1[0m[90m waiting for [0m[33m1 âµ[0m
â”ƒ    [34mâ”‚  [0m   [34mâ”Œâ”€ [0m[34mâ¸ X-Restart-Triggers-dbus[0m
â”ƒ    [34mâ”‚  [0m[34mâ”Œâ”€ [0m[34mâ¸ unit-dbus.service[0m
â”ƒ    [34mâ”‚  [0m[34mâ”œâ”€ [0m[34mâ¸ unit-accounts-daemon.service[0m[90m waiting for [0m[33m1 âµ[0m
â”ƒ    [34mâ”‚  [0m[34mâ”‚  [0m[34mâ”Œâ”€ [0m[34mâ¸ X-Restart-Triggers-polkit[0m[90m waiting for [0m[33m1 âµ[0m
â”ƒ    [34mâ”‚  [0m[34mâ”œâ”€ [0m[34mâ¸ unit-polkit.service[0m
â”ƒ    [34mâ”œâ”€ [0m[34mâ¸ system-units[0m
â”ƒ    [34mâ”œâ”€ [0m[34mâ¸ set-environment[0m[90m waiting for [0m[33m1 âµ[0m
â”ƒ [34mâ”Œâ”€ [0m[34mâ¸ etc[0m
â”ƒ [34mâ”‚  [0m[34mâ”Œâ”€ [0m[32mâœ” rebuild[0m [90m[0m
â”ƒ [34mâ”œâ”€ [0m[33m[1mâµ system-path[0m[0m â± 2s
â”ƒ [34mâ¸ nixos-system-pccasa-25.11.20250603.c2a0396[0m[0m
â”£â”â”â” [1mBuilds          [0m
â”—â” âˆ‘ [33mâµ [1m1[0m[0m â”‚ [32mâœ” [1m1[0m[0m â”‚ [34mâ¸ [1m14[0m[0m â”‚ [1mâ± 16s[0m[?2026l[?2026h[2K[1F[2K[1F[2K[1F[2K[1F[2K[1F[2K[1F[2K[1F[2K[1F[2K[1F[2K[1F[2K[1F[2K[1F[2K[1F[2K[1F[2K[1F[2K[1F[2K[1F[2K[1F[2Kâ”â” [1mDependency Graph[0m:
â”ƒ    [34mâ”Œâ”€ [0m[34mâ¸ etc-pam-environment[0m
â”ƒ    [34mâ”œâ”€ [0m[34mâ¸ etc-profile[0m
â”ƒ    [34mâ”‚  [0m[34mâ”Œâ”€ [0m[34mâ¸ unit-dbus.service[0m
â”ƒ    [34mâ”œâ”€ [0m[34mâ¸ user-units[0m
â”ƒ    [34mâ”‚  [0m      [34mâ”Œâ”€ [0m[34mâ¸ dbus-1[0m
â”ƒ    [34mâ”‚  [0m   [34mâ”Œâ”€ [0m[34mâ¸ X-Restart-Triggers-dbus[0m
â”ƒ    [34mâ”‚  [0m[34mâ”Œâ”€ [0m[34mâ¸ unit-dbus.service[0m
â”ƒ    [34mâ”‚  [0m[34mâ”œâ”€ [0m[34mâ¸ unit-accounts-daemon.service[0m
â”ƒ    [34mâ”‚  [0m[34mâ”‚  [0m[34mâ”Œâ”€ [0m[34mâ¸ X-Restart-Triggers-polkit[0m
â”ƒ    [34mâ”‚  [0m[34mâ”œâ”€ [0m[34mâ¸ unit-polkit.service[0m
â”ƒ    [34mâ”œâ”€ [0m[34mâ¸ system-units[0m
â”ƒ    [34mâ”œâ”€ [0m[34mâ¸ set-environment[0m
â”ƒ [34mâ”Œâ”€ [0m[34mâ¸ etc[0m
â”ƒ [34mâ”‚  [0m[34mâ”Œâ”€ [0m[32mâœ” rebuild[0m [90m[0m
â”ƒ [34mâ”œâ”€ [0m[32mâœ” system-path[0m [90mâ± 2s[0m
â”ƒ [34mâ¸ nixos-system-pccasa-25.11.20250603.c2a0396[0m[0m
â”£â”â”â” [1mBuilds          [0m
â”—â” âˆ‘ [33mâµ 0[0m â”‚ [32mâœ” [1m2[0m[0m â”‚ [34mâ¸ [1m14[0m[0m â”‚ [1mâ± 16s[0m[?2026l[?2026h[2K[1F[2K[1F[2K[1F[2K[1F[2K[1F[2K[1F[2K[1F[2K[1F[2K[1F[2K[1F[2K[1F[2K[1F[2K[1F[2K[1F[2K[1F[2K[1F[2K[1F[2K[1F[2K[0m[34mX-Restart-Triggers-polkit> [0mbuilding '/nix/store/0w47q2fsy67ikj5dpv44p2gjc590kgi8-X-Restart-Triggers-polkit.drv'
â”â” [1mDependency Graph[0m:
â”ƒ    [34mâ”Œâ”€ [0m[34mâ¸ etc-pam-environment[0m
â”ƒ    [34mâ”œâ”€ [0m[34mâ¸ etc-profile[0m
â”ƒ    [34mâ”‚  [0m[34mâ”Œâ”€ [0m[34mâ¸ unit-dbus.service[0m
â”ƒ    [34mâ”œâ”€ [0m[34mâ¸ user-units[0m
â”ƒ    [34mâ”‚  [0m      [34mâ”Œâ”€ [0m[34mâ¸ dbus-1[0m
â”ƒ    [34mâ”‚  [0m   [34mâ”Œâ”€ [0m[34mâ¸ X-Restart-Triggers-dbus[0m
â”ƒ    [34mâ”‚  [0m[34mâ”Œâ”€ [0m[34mâ¸ unit-dbus.service[0m
â”ƒ    [34mâ”‚  [0m[34mâ”œâ”€ [0m[34mâ¸ unit-accounts-daemon.service[0m
â”ƒ    [34mâ”‚  [0m[34mâ”‚  [0m[34mâ”Œâ”€ [0m[33m[1mâµ X-Restart-Triggers-polkit[0m[0m
â”ƒ    [34mâ”‚  [0m[34mâ”œâ”€ [0m[34mâ¸ unit-polkit.service[0m
â”ƒ    [34mâ”œâ”€ [0m[34mâ¸ system-units[0m
â”ƒ    [34mâ”‚  [0m   [34mâ”Œâ”€ [0m[32mâœ” rebuild[0m [90m[0m
â”ƒ    [34mâ”‚  [0m[34mâ”Œâ”€ [0m[32mâœ” system-path[0m [90mâ± 2s[0m
â”ƒ    [34mâ”œâ”€ [0m[34mâ¸ set-environment[0m
â”ƒ [34mâ”Œâ”€ [0m[34mâ¸ etc[0m
â”ƒ [34mâ¸ nixos-system-pccasa-25.11.20250603.c2a0396[0m[0m
â”£â”â”â” [1mBuilds          [0m
â”—â” âˆ‘ [33mâµ [1m1[0m[0m â”‚ [32mâœ” [1m2[0m[0m â”‚ [34mâ¸ [1m13[0m[0m â”‚ [1mâ± 16s[0m[?2026l[?2026h[2K[1F[2K[1F[2K[1F[2K[1F[2K[1F[2K[1F[2K[1F[2K[1F[2K[1F[2K[1F[2K[1F[2K[1F[2K[1F[2K[1F[2K[1F[2K[1F[2K[1F[2K[1F[2K[0m[34mdbus> [0mbuilding '/nix/store/v0vix0a3m8bgfn65y4rw6f36i0k752vn-dbus-1.drv'
â”â” [1mDependency Graph[0m:
â”ƒ    [34mâ”Œâ”€ [0m[34mâ¸ etc-pam-environment[0m
â”ƒ    [34mâ”œâ”€ [0m[34mâ¸ etc-profile[0m
â”ƒ    [34mâ”‚  [0m[34mâ”Œâ”€ [0m[34mâ¸ unit-dbus.service[0m[90m waiting for [0m[33m1 âµ[0m
â”ƒ    [34mâ”œâ”€ [0m[34mâ¸ user-units[0m
â”ƒ    [34mâ”œâ”€ [0m[34mâ¸ set-environment[0m
â”ƒ    [34mâ”‚  [0m      [34mâ”Œâ”€ [0m[33m[1mâµ dbus-1[0m[0m
â”ƒ    [34mâ”‚  [0m   [34mâ”Œâ”€ [0m[34mâ¸ X-Restart-Triggers-dbus[0m
â”ƒ    [34mâ”‚  [0m[34mâ”Œâ”€ [0m[34mâ¸ unit-dbus.service[0m
â”ƒ    [34mâ”‚  [0m[34mâ”œâ”€ [0m[34mâ¸ unit-accounts-daemon.service[0m
â”ƒ    [34mâ”‚  [0m[34mâ”‚  [0m      [34mâ”Œâ”€ [0m[32mâœ” rebuild[0m [90m[0m
â”ƒ    [34mâ”‚  [0m[34mâ”‚  [0m   [34mâ”Œâ”€ [0m[32mâœ” system-path[0m [90mâ± 2s[0m
â”ƒ    [34mâ”‚  [0m[34mâ”‚  [0m[34mâ”Œâ”€ [0m[33m[1mâµ X-Restart-Triggers-polkit[0m[0m
â”ƒ    [34mâ”‚  [0m[34mâ”œâ”€ [0m[34mâ¸ unit-polkit.service[0m
â”ƒ    [34mâ”œâ”€ [0m[34mâ¸ system-units[0m
â”ƒ [34mâ”Œâ”€ [0m[34mâ¸ etc[0m
â”ƒ [34mâ¸ nixos-system-pccasa-25.11.20250603.c2a0396[0m[0m
â”£â”â”â” [1mBuilds          [0m
â”—â” âˆ‘ [33mâµ [1m2[0m[0m â”‚ [32mâœ” [1m2[0m[0m â”‚ [34mâ¸ [1m12[0m[0m â”‚ [1mâ± 17s[0m[?2026l[?2026h[2K[1F[2K[1F[2K[1F[2K[1F[2K[1F[2K[1F[2K[1F[2K[1F[2K[1F[2K[1F[2K[1F[2K[1F[2K[1F[2K[1F[2K[1F[2K[1F[2K[1F[2K[1F[2K[0m[34metc-pam-environment> [0mbuilding '/nix/store/vf6ph8zz2xj9qvxvy98ajr5igr8c6vdn-etc-pam-environment.drv'
â”â” [1mDependency Graph[0m:
â”ƒ    [34mâ”Œâ”€ [0m[33m[1mâµ etc-pam-environment[0m[0m
â”ƒ    [34mâ”œâ”€ [0m[34mâ¸ etc-profile[0m
â”ƒ    [34mâ”œâ”€ [0m[34mâ¸ set-environment[0m
â”ƒ    [34mâ”‚  [0m[34mâ”Œâ”€ [0m[34mâ¸ unit-dbus.service[0m[90m waiting for [0m[33m1 âµ[0m
â”ƒ    [34mâ”œâ”€ [0m[34mâ¸ user-units[0m
â”ƒ    [34mâ”‚  [0m[34mâ”Œâ”€ [0m[34mâ¸ unit-accounts-daemon.service[0m
â”ƒ    [34mâ”‚  [0m[34mâ”‚  [0m[34mâ”Œâ”€ [0m[34mâ¸ X-Restart-Triggers-dbus[0m[90m waiting for [0m[33m1 âµ[0m
â”ƒ    [34mâ”‚  [0m[34mâ”œâ”€ [0m[34mâ¸ unit-dbus.service[0m
â”ƒ    [34mâ”‚  [0m[34mâ”‚  [0m[34mâ”Œâ”€ [0m[33m[1mâµ X-Restart-Triggers-polkit[0m[0m
â”ƒ    [34mâ”‚  [0m[34mâ”œâ”€ [0m[34mâ¸ unit-polkit.service[0m
â”ƒ    [34mâ”œâ”€ [0m[34mâ¸ system-units[0m
â”ƒ    [34mâ”‚  [0m   [34mâ”Œâ”€ [0m[32mâœ” rebuild[0m [90m[0m
â”ƒ    [34mâ”‚  [0m[34mâ”Œâ”€ [0m[32mâœ” system-path[0m [90mâ± 2s[0m
â”ƒ    [34mâ”œâ”€ [0m[33m[1mâµ dbus-1[0m[0m
â”ƒ [34mâ”Œâ”€ [0m[34mâ¸ etc[0m
â”ƒ [34mâ¸ nixos-system-pccasa-25.11.20250603.c2a0396[0m[0m
â”£â”â”â” [1mBuilds          [0m
â”—â” âˆ‘ [33mâµ [1m3[0m[0m â”‚ [32mâœ” [1m2[0m[0m â”‚ [34mâ¸ [1m11[0m[0m â”‚ [1mâ± 17s[0m[?2026l[?2026h[2K[1F[2K[1F[2K[1F[2K[1F[2K[1F[2K[1F[2K[1F[2K[1F[2K[1F[2K[1F[2K[1F[2K[1F[2K[1F[2K[1F[2K[1F[2K[1F[2K[1F[2K[1F[2K[0m[34mset-environment> [0mbuilding '/nix/store/ahnmn9256545cwdnxanah2yhik6b45d1-set-environment.drv'
â”â” [1mDependency Graph[0m:
â”ƒ    [34mâ”Œâ”€ [0m[34mâ¸ etc-profile[0m[90m waiting for [0m[33m1 âµ[0m
â”ƒ    [34mâ”œâ”€ [0m[33m[1mâµ set-environment[0m[0m
â”ƒ    [34mâ”‚  [0m[34mâ”Œâ”€ [0m[34mâ¸ unit-dbus.service[0m[90m waiting for [0m[33m1 âµ[0m
â”ƒ    [34mâ”œâ”€ [0m[34mâ¸ user-units[0m
â”ƒ    [34mâ”‚  [0m[34mâ”Œâ”€ [0m[34mâ¸ unit-accounts-daemon.service[0m
â”ƒ    [34mâ”‚  [0m[34mâ”‚  [0m[34mâ”Œâ”€ [0m[34mâ¸ X-Restart-Triggers-dbus[0m[90m waiting for [0m[33m1 âµ[0m
â”ƒ    [34mâ”‚  [0m[34mâ”œâ”€ [0m[34mâ¸ unit-dbus.service[0m
â”ƒ    [34mâ”‚  [0m[34mâ”‚  [0m[34mâ”Œâ”€ [0m[33m[1mâµ X-Restart-Triggers-polkit[0m[0m
â”ƒ    [34mâ”‚  [0m[34mâ”œâ”€ [0m[34mâ¸ unit-polkit.service[0m
â”ƒ    [34mâ”œâ”€ [0m[34mâ¸ system-units[0m
â”ƒ    [34mâ”œâ”€ [0m[33m[1mâµ etc-pam-environment[0m[0m
â”ƒ    [34mâ”‚  [0m   [34mâ”Œâ”€ [0m[32mâœ” rebuild[0m [90m[0m
â”ƒ    [34mâ”‚  [0m[34mâ”Œâ”€ [0m[32mâœ” system-path[0m [90mâ± 2s[0m
â”ƒ    [34mâ”œâ”€ [0m[33m[1mâµ dbus-1[0m[0m
â”ƒ [34mâ”Œâ”€ [0m[34mâ¸ etc[0m
â”ƒ [34mâ¸ nixos-system-pccasa-25.11.20250603.c2a0396[0m[0m
â”£â”â”â” [1mBuilds          [0m
â”—â” âˆ‘ [33mâµ [1m4[0m[0m â”‚ [32mâœ” [1m2[0m[0m â”‚ [34mâ¸ [1m10[0m[0m â”‚ [1mâ± 17s[0m[?2026l[?2026h[2K[1F[2K[1F[2K[1F[2K[1F[2K[1F[2K[1F[2K[1F[2K[1F[2K[1F[2K[1F[2K[1F[2K[1F[2K[1F[2K[1F[2K[1F[2K[1F[2K[1F[2K[1F[2K[0m[34munit-accounts-daemon.service> [0mbuilding '/nix/store/8011mgnsj1pwp5psbn8h86d9gb8xx7qb-unit-accounts-daemon.service.drv'
â”â” [1mDependency Graph[0m:
â”ƒ    [34mâ”Œâ”€ [0m[34mâ¸ etc-profile[0m[90m waiting for [0m[33m1 âµ[0m
â”ƒ    [34mâ”‚  [0m[34mâ”Œâ”€ [0m[34mâ¸ unit-dbus.service[0m[90m waiting for [0m[33m1 âµ[0m
â”ƒ    [34mâ”œâ”€ [0m[34mâ¸ user-units[0m
â”ƒ    [34mâ”‚  [0m[34mâ”Œâ”€ [0m[33m[1mâµ unit-accounts-daemon.service[0m[0m
â”ƒ    [34mâ”‚  [0m[34mâ”‚  [0m[34mâ”Œâ”€ [0m[34mâ¸ X-Restart-Triggers-dbus[0m[90m waiting for [0m[33m1 âµ[0m
â”ƒ    [34mâ”‚  [0m[34mâ”œâ”€ [0m[34mâ¸ unit-dbus.service[0m
â”ƒ    [34mâ”‚  [0m[34mâ”‚  [0m[34mâ”Œâ”€ [0m[33m[1mâµ X-Restart-Triggers-polkit[0m[0m
â”ƒ    [34mâ”‚  [0m[34mâ”œâ”€ [0m[34mâ¸ unit-polkit.service[0m
â”ƒ    [34mâ”œâ”€ [0m[34mâ¸ system-units[0m
â”ƒ    [34mâ”œâ”€ [0m[33m[1mâµ set-environment[0m[0m
â”ƒ    [34mâ”œâ”€ [0m[33m[1mâµ etc-pam-environment[0m[0m
â”ƒ    [34mâ”‚  [0m   [34mâ”Œâ”€ [0m[32mâœ” rebuild[0m [90m[0m
â”ƒ    [34mâ”‚  [0m[34mâ”Œâ”€ [0m[32mâœ” system-path[0m [90mâ± 2s[0m
â”ƒ    [34mâ”œâ”€ [0m[33m[1mâµ dbus-1[0m[0m
â”ƒ [34mâ”Œâ”€ [0m[34mâ¸ etc[0m
â”ƒ [34mâ¸ nixos-system-pccasa-25.11.20250603.c2a0396[0m[0m
â”£â”â”â” [1mBuilds         [0m
â”—â” âˆ‘ [33mâµ [1m5[0m[0m â”‚ [32mâœ” [1m2[0m[0m â”‚ [34mâ¸ [1m9[0m[0m â”‚ [1mâ± 17s[0m[?2026l[?2026h[2K[1F[2K[1F[2K[1F[2K[1F[2K[1F[2K[1F[2K[1F[2K[1F[2K[1F[2K[1F[2K[1F[2K[1F[2K[1F[2K[1F[2K[1F[2K[1F[2K[1F[2K[1F[2Kâ”â” [1mDependency Graph[0m:
â”ƒ    [34mâ”Œâ”€ [0m[34mâ¸ etc-profile[0m[90m waiting for [0m[33m1 âµ[0m
â”ƒ    [34mâ”‚  [0m[34mâ”Œâ”€ [0m[34mâ¸ unit-dbus.service[0m[90m waiting for [0m[33m1 âµ[0m
â”ƒ    [34mâ”œâ”€ [0m[34mâ¸ user-units[0m
â”ƒ    [34mâ”‚  [0m   [34mâ”Œâ”€ [0m[34mâ¸ X-Restart-Triggers-dbus[0m[90m waiting for [0m[33m1 âµ[0m
â”ƒ    [34mâ”‚  [0m[34mâ”Œâ”€ [0m[34mâ¸ unit-dbus.service[0m
â”ƒ    [34mâ”‚  [0m[34mâ”‚  [0m[34mâ”Œâ”€ [0m[33m[1mâµ X-Restart-Triggers-polkit[0m[0m
â”ƒ    [34mâ”‚  [0m[34mâ”œâ”€ [0m[34mâ¸ unit-polkit.service[0m
â”ƒ    [34mâ”‚  [0m[34mâ”œâ”€ [0m[33m[1mâµ unit-accounts-daemon.service[0m[0m
â”ƒ    [34mâ”œâ”€ [0m[34mâ¸ system-units[0m
â”ƒ    [34mâ”œâ”€ [0m[33m[1mâµ set-environment[0m[0m
â”ƒ    [34mâ”œâ”€ [0m[33m[1mâµ etc-pam-environment[0m[0m
â”ƒ    [34mâ”‚  [0m   [34mâ”Œâ”€ [0m[32mâœ” rebuild[0m [90m[0m
â”ƒ    [34mâ”‚  [0m[34mâ”Œâ”€ [0m[32mâœ” system-path[0m [90mâ± 2s[0m
â”ƒ    [34mâ”œâ”€ [0m[33m[1mâµ dbus-1[0m[0m
â”ƒ [34mâ”Œâ”€ [0m[34mâ¸ etc[0m
â”ƒ [34mâ¸ nixos-system-pccasa-25.11.20250603.c2a0396[0m[0m
â”£â”â”â” [1mBuilds         [0m
â”—â” âˆ‘ [33mâµ [1m5[0m[0m â”‚ [32mâœ” [1m2[0m[0m â”‚ [34mâ¸ [1m9[0m[0m â”‚ [1mâ± 17s[0m[?2026l[?2026h[2K[1F[2K[1F[2K[1F[2K[1F[2K[1F[2K[1F[2K[1F[2K[1F[2K[1F[2K[1F[2K[1F[2K[1F[2K[1F[2K[1F[2K[1F[2K[1F[2K[1F[2K[1F[2Kâ”â” [1mDependency Graph[0m:
â”ƒ    [34mâ”Œâ”€ [0m[34mâ¸ etc-profile[0m
â”ƒ    [34mâ”‚  [0m[34mâ”Œâ”€ [0m[34mâ¸ unit-dbus.service[0m
â”ƒ    [34mâ”œâ”€ [0m[34mâ¸ user-units[0m
â”ƒ    [34mâ”‚  [0m   [34mâ”Œâ”€ [0m[34mâ¸ X-Restart-Triggers-dbus[0m
â”ƒ    [34mâ”‚  [0m[34mâ”Œâ”€ [0m[34mâ¸ unit-dbus.service[0m
â”ƒ    [34mâ”‚  [0m[34mâ”‚  [0m[34mâ”Œâ”€ [0m[32mâœ” X-Restart-Triggers-polkit[0m [90m[0m
â”ƒ    [34mâ”‚  [0m[34mâ”œâ”€ [0m[34mâ¸ unit-polkit.service[0m
â”ƒ    [34mâ”‚  [0m[34mâ”œâ”€ [0m[33m[1mâµ unit-accounts-daemon.service[0m[0m
â”ƒ    [34mâ”œâ”€ [0m[34mâ¸ system-units[0m
â”ƒ    [34mâ”œâ”€ [0m[32mâœ” set-environment[0m [90m[0m
â”ƒ    [34mâ”œâ”€ [0m[32mâœ” etc-pam-environment[0m [90m[0m
â”ƒ    [34mâ”‚  [0m   [34mâ”Œâ”€ [0m[32mâœ” rebuild[0m [90m[0m
â”ƒ    [34mâ”‚  [0m[34mâ”Œâ”€ [0m[32mâœ” system-path[0m [90mâ± 2s[0m
â”ƒ    [34mâ”œâ”€ [0m[32mâœ” dbus-1[0m [90m[0m
â”ƒ [34mâ”Œâ”€ [0m[34mâ¸ etc[0m
â”ƒ [34mâ¸ nixos-system-pccasa-25.11.20250603.c2a0396[0m[0m
â”£â”â”â” [1mBuilds         [0m
â”—â” âˆ‘ [33mâµ [1m1[0m[0m â”‚ [32mâœ” [1m6[0m[0m â”‚ [34mâ¸ [1m9[0m[0m â”‚ [1mâ± 17s[0m[?2026l[?2026h[2K[1F[2K[1F[2K[1F[2K[1F[2K[1F[2K[1F[2K[1F[2K[1F[2K[1F[2K[1F[2K[1F[2K[1F[2K[1F[2K[1F[2K[1F[2K[1F[2K[1F[2K[1F[2K[0m[34mX-Restart-Triggers-dbus> [0mbuilding '/nix/store/z4wapyxn7ws7f83vhn12iijsa313vck7-X-Restart-Triggers-dbus.drv'
â”â” [1mDependency Graph[0m:
â”ƒ    [34mâ”Œâ”€ [0m[32mâœ” etc-pam-environment[0m [90m[0m
â”ƒ    [34mâ”‚  [0m[34mâ”Œâ”€ [0m[32mâœ” set-environment[0m [90m[0m
â”ƒ    [34mâ”œâ”€ [0m[34mâ¸ etc-profile[0m
â”ƒ    [34mâ”‚  [0m[34mâ”Œâ”€ [0m[34mâ¸ unit-dbus.service[0m[90m waiting for [0m[33m1 âµ[0m
â”ƒ    [34mâ”œâ”€ [0m[34mâ¸ user-units[0m
â”ƒ    [34mâ”‚  [0m      [34mâ”Œâ”€ [0m[32mâœ” dbus-1[0m [90m[0m
â”ƒ    [34mâ”‚  [0m   [34mâ”Œâ”€ [0m[33m[1mâµ X-Restart-Triggers-dbus[0m[0m
â”ƒ    [34mâ”‚  [0m[34mâ”Œâ”€ [0m[34mâ¸ unit-dbus.service[0m
â”ƒ    [34mâ”‚  [0m[34mâ”‚  [0m[34mâ”Œâ”€ [0m[32mâœ” X-Restart-Triggers-polkit[0m [90m[0m
â”ƒ    [34mâ”‚  [0m[34mâ”œâ”€ [0m[34mâ¸ unit-polkit.service[0m
â”ƒ    [34mâ”‚  [0m[34mâ”‚  [0m   [34mâ”Œâ”€ [0m[32mâœ” rebuild[0m [90m[0m
â”ƒ    [34mâ”‚  [0m[34mâ”‚  [0m[34mâ”Œâ”€ [0m[32mâœ” system-path[0m [90mâ± 2s[0m
â”ƒ    [34mâ”‚  [0m[34mâ”œâ”€ [0m[33m[1mâµ unit-accounts-daemon.service[0m[0m
â”ƒ    [34mâ”œâ”€ [0m[34mâ¸ system-units[0m
â”ƒ [34mâ”Œâ”€ [0m[34mâ¸ etc[0m
â”ƒ [34mâ¸ nixos-system-pccasa-25.11.20250603.c2a0396[0m[0m
â”£â”â”â” [1mBuilds         [0m
â”—â” âˆ‘ [33mâµ [1m2[0m[0m â”‚ [32mâœ” [1m6[0m[0m â”‚ [34mâ¸ [1m8[0m[0m â”‚ [1mâ± 17s[0m[?2026l[?2026h[2K[1F[2K[1F[2K[1F[2K[1F[2K[1F[2K[1F[2K[1F[2K[1F[2K[1F[2K[1F[2K[1F[2K[1F[2K[1F[2K[1F[2K[1F[2K[1F[2K[1F[2K[1F[2K[0m[34metc-profile> [0mbuilding '/nix/store/i557p6ylvjgzxvxh8xslmsmj5prqrgnv-etc-profile.drv'
â”â” [1mDependency Graph[0m:
â”ƒ    [34mâ”Œâ”€ [0m[32mâœ” etc-pam-environment[0m [90m[0m
â”ƒ    [34mâ”‚  [0m[34mâ”Œâ”€ [0m[32mâœ” set-environment[0m [90m[0m
â”ƒ    [34mâ”œâ”€ [0m[33m[1mâµ etc-profile[0m[0m
â”ƒ    [34mâ”‚  [0m[34mâ”Œâ”€ [0m[34mâ¸ unit-dbus.service[0m[90m waiting for [0m[33m1 âµ[0m
â”ƒ    [34mâ”œâ”€ [0m[34mâ¸ user-units[0m
â”ƒ    [34mâ”‚  [0m   [34mâ”Œâ”€ [0m[32mâœ” X-Restart-Triggers-polkit[0m [90m[0m
â”ƒ    [34mâ”‚  [0m[34mâ”Œâ”€ [0m[34mâ¸ unit-polkit.service[0m
â”ƒ    [34mâ”‚  [0m[34mâ”‚  [0m   [34mâ”Œâ”€ [0m[32mâœ” dbus-1[0m [90m[0m
â”ƒ    [34mâ”‚  [0m[34mâ”‚  [0m[34mâ”Œâ”€ [0m[33m[1mâµ X-Restart-Triggers-dbus[0m[0m
â”ƒ    [34mâ”‚  [0m[34mâ”œâ”€ [0m[34mâ¸ unit-dbus.service[0m
â”ƒ    [34mâ”‚  [0m[34mâ”‚  [0m   [34mâ”Œâ”€ [0m[32mâœ” rebuild[0m [90m[0m
â”ƒ    [34mâ”‚  [0m[34mâ”‚  [0m[34mâ”Œâ”€ [0m[32mâœ” system-path[0m [90mâ± 2s[0m
â”ƒ    [34mâ”‚  [0m[34mâ”œâ”€ [0m[33m[1mâµ unit-accounts-daemon.service[0m[0m
â”ƒ    [34mâ”œâ”€ [0m[34mâ¸ system-units[0m
â”ƒ [34mâ”Œâ”€ [0m[34mâ¸ etc[0m
â”ƒ [34mâ¸ nixos-system-pccasa-25.11.20250603.c2a0396[0m[0m
â”£â”â”â” [1mBuilds         [0m
â”—â” âˆ‘ [33mâµ [1m3[0m[0m â”‚ [32mâœ” [1m6[0m[0m â”‚ [34mâ¸ [1m7[0m[0m â”‚ [1mâ± 17s[0m[?2026l[?2026h[2K[1F[2K[1F[2K[1F[2K[1F[2K[1F[2K[1F[2K[1F[2K[1F[2K[1F[2K[1F[2K[1F[2K[1F[2K[1F[2K[1F[2K[1F[2K[1F[2K[1F[2K[1F[2K[0m[34munit-polkit.service> [0mbuilding '/nix/store/52li3y294y1fqfnw8rb80zsw3nwrwv8d-unit-polkit.service.drv'
â”â” [1mDependency Graph[0m:
â”ƒ    [34mâ”Œâ”€ [0m[32mâœ” etc-pam-environment[0m [90m[0m
â”ƒ    [34mâ”‚  [0m[34mâ”Œâ”€ [0m[34mâ¸ unit-dbus.service[0m[90m waiting for [0m[33m1 âµ[0m
â”ƒ    [34mâ”œâ”€ [0m[34mâ¸ user-units[0m
â”ƒ    [34mâ”‚  [0m   [34mâ”Œâ”€ [0m[32mâœ” X-Restart-Triggers-polkit[0m [90m[0m
â”ƒ    [34mâ”‚  [0m[34mâ”Œâ”€ [0m[33m[1mâµ unit-polkit.service[0m[0m
â”ƒ    [34mâ”‚  [0m[34mâ”‚  [0m   [34mâ”Œâ”€ [0m[32mâœ” dbus-1[0m [90m[0m
â”ƒ    [34mâ”‚  [0m[34mâ”‚  [0m[34mâ”Œâ”€ [0m[33m[1mâµ X-Restart-Triggers-dbus[0m[0m
â”ƒ    [34mâ”‚  [0m[34mâ”œâ”€ [0m[34mâ¸ unit-dbus.service[0m
â”ƒ    [34mâ”‚  [0m[34mâ”œâ”€ [0m[33m[1mâµ unit-accounts-daemon.service[0m[0m
â”ƒ    [34mâ”œâ”€ [0m[34mâ¸ system-units[0m
â”ƒ    [34mâ”‚  [0m      [34mâ”Œâ”€ [0m[32mâœ” rebuild[0m [90m[0m
â”ƒ    [34mâ”‚  [0m   [34mâ”Œâ”€ [0m[32mâœ” system-path[0m [90mâ± 2s[0m
â”ƒ    [34mâ”‚  [0m[34mâ”Œâ”€ [0m[32mâœ” set-environment[0m [90m[0m
â”ƒ    [34mâ”œâ”€ [0m[33m[1mâµ etc-profile[0m[0m
â”ƒ [34mâ”Œâ”€ [0m[34mâ¸ etc[0m
â”ƒ [34mâ¸ nixos-system-pccasa-25.11.20250603.c2a0396[0m[0m
â”£â”â”â” [1mBuilds         [0m
â”—â” âˆ‘ [33mâµ [1m4[0m[0m â”‚ [32mâœ” [1m6[0m[0m â”‚ [34mâ¸ [1m6[0m[0m â”‚ [1mâ± 17s[0m[?2026l[?2026h[2K[1F[2K[1F[2K[1F[2K[1F[2K[1F[2K[1F[2K[1F[2K[1F[2K[1F[2K[1F[2K[1F[2K[1F[2K[1F[2K[1F[2K[1F[2K[1F[2K[1F[2K[1F[2Kâ”â” [1mDependency Graph[0m:
â”ƒ    [34mâ”Œâ”€ [0m[32mâœ” etc-pam-environment[0m [90m[0m
â”ƒ    [34mâ”‚  [0m[34mâ”Œâ”€ [0m[34mâ¸ unit-dbus.service[0m[90m waiting for [0m[33m1 âµ[0m
â”ƒ    [34mâ”œâ”€ [0m[34mâ¸ user-units[0m
â”ƒ    [34mâ”‚  [0m      [34mâ”Œâ”€ [0m[32mâœ” dbus-1[0m [90m[0m
â”ƒ    [34mâ”‚  [0m   [34mâ”Œâ”€ [0m[33m[1mâµ X-Restart-Triggers-dbus[0m[0m
â”ƒ    [34mâ”‚  [0m[34mâ”Œâ”€ [0m[34mâ¸ unit-dbus.service[0m
â”ƒ    [34mâ”‚  [0m[34mâ”‚  [0m[34mâ”Œâ”€ [0m[32mâœ” X-Restart-Triggers-polkit[0m [90m[0m
â”ƒ    [34mâ”‚  [0m[34mâ”œâ”€ [0m[33m[1mâµ unit-polkit.service[0m[0m
â”ƒ    [34mâ”‚  [0m[34mâ”œâ”€ [0m[33m[1mâµ unit-accounts-daemon.service[0m[0m
â”ƒ    [34mâ”œâ”€ [0m[34mâ¸ system-units[0m
â”ƒ    [34mâ”‚  [0m      [34mâ”Œâ”€ [0m[32mâœ” rebuild[0m [90m[0m
â”ƒ    [34mâ”‚  [0m   [34mâ”Œâ”€ [0m[32mâœ” system-path[0m [90mâ± 2s[0m
â”ƒ    [34mâ”‚  [0m[34mâ”Œâ”€ [0m[32mâœ” set-environment[0m [90m[0m
â”ƒ    [34mâ”œâ”€ [0m[33m[1mâµ etc-profile[0m[0m
â”ƒ [34mâ”Œâ”€ [0m[34mâ¸ etc[0m
â”ƒ [34mâ¸ nixos-system-pccasa-25.11.20250603.c2a0396[0m[0m
â”£â”â”â” [1mBuilds         [0m
â”—â” âˆ‘ [33mâµ [1m4[0m[0m â”‚ [32mâœ” [1m6[0m[0m â”‚ [34mâ¸ [1m6[0m[0m â”‚ [1mâ± 17s[0m[?2026l[?2026h[2K[1F[2K[1F[2K[1F[2K[1F[2K[1F[2K[1F[2K[1F[2K[1F[2K[1F[2K[1F[2K[1F[2K[1F[2K[1F[2K[1F[2K[1F[2K[1F[2K[1F[2K[1F[2Kâ”â” [1mDependency Graph[0m:
â”ƒ    [34mâ”Œâ”€ [0m[32mâœ” etc-pam-environment[0m [90m[0m
â”ƒ    [34mâ”‚  [0m[34mâ”Œâ”€ [0m[34mâ¸ unit-dbus.service[0m
â”ƒ    [34mâ”œâ”€ [0m[34mâ¸ user-units[0m
â”ƒ    [34mâ”‚  [0m      [34mâ”Œâ”€ [0m[32mâœ” dbus-1[0m [90m[0m
â”ƒ    [34mâ”‚  [0m   [34mâ”Œâ”€ [0m[32mâœ” X-Restart-Triggers-dbus[0m [90m[0m
â”ƒ    [34mâ”‚  [0m[34mâ”Œâ”€ [0m[34mâ¸ unit-dbus.service[0m
â”ƒ    [34mâ”‚  [0m[34mâ”‚  [0m[34mâ”Œâ”€ [0m[32mâœ” X-Restart-Triggers-polkit[0m [90m[0m
â”ƒ    [34mâ”‚  [0m[34mâ”œâ”€ [0m[33m[1mâµ unit-polkit.service[0m[0m
â”ƒ    [34mâ”‚  [0m[34mâ”œâ”€ [0m[32mâœ” unit-accounts-daemon.service[0m [90m[0m
â”ƒ    [34mâ”œâ”€ [0m[34mâ¸ system-units[0m
â”ƒ    [34mâ”‚  [0m      [34mâ”Œâ”€ [0m[32mâœ” rebuild[0m [90m[0m
â”ƒ    [34mâ”‚  [0m   [34mâ”Œâ”€ [0m[32mâœ” system-path[0m [90mâ± 2s[0m
â”ƒ    [34mâ”‚  [0m[34mâ”Œâ”€ [0m[32mâœ” set-environment[0m [90m[0m
â”ƒ    [34mâ”œâ”€ [0m[32mâœ” etc-profile[0m [90m[0m
â”ƒ [34mâ”Œâ”€ [0m[34mâ¸ etc[0m
â”ƒ [34mâ¸ nixos-system-pccasa-25.11.20250603.c2a0396[0m[0m
â”£â”â”â” [1mBuilds         [0m
â”—â” âˆ‘ [33mâµ [1m1[0m[0m â”‚ [32mâœ” [1m9[0m[0m â”‚ [34mâ¸ [1m6[0m[0m â”‚ [1mâ± 17s[0m[?2026l[?2026h[2K[1F[2K[1F[2K[1F[2K[1F[2K[1F[2K[1F[2K[1F[2K[1F[2K[1F[2K[1F[2K[1F[2K[1F[2K[1F[2K[1F[2K[1F[2K[1F[2K[1F[2K[1F[2K[0m[34munit-dbus.service> [0mbuilding '/nix/store/9jprqvbby07d47zmq59wp083404w4dwi-unit-dbus.service.drv'
â”â” [1mDependency Graph[0m:
â”ƒ    [34mâ”Œâ”€ [0m[32mâœ” etc-pam-environment[0m [90m[0m
â”ƒ    [34mâ”‚  [0m[34mâ”Œâ”€ [0m[32mâœ” set-environment[0m [90m[0m
â”ƒ    [34mâ”œâ”€ [0m[32mâœ” etc-profile[0m [90m[0m
â”ƒ    [34mâ”‚  [0m[34mâ”Œâ”€ [0m[34mâ¸ unit-dbus.service[0m
â”ƒ    [34mâ”œâ”€ [0m[34mâ¸ user-units[0m
â”ƒ    [34mâ”‚  [0m[34mâ”Œâ”€ [0m[32mâœ” unit-accounts-daemon.service[0m [90m[0m
â”ƒ    [34mâ”‚  [0m[34mâ”‚  [0m   [34mâ”Œâ”€ [0m[32mâœ” dbus-1[0m [90m[0m
â”ƒ    [34mâ”‚  [0m[34mâ”‚  [0m[34mâ”Œâ”€ [0m[32mâœ” X-Restart-Triggers-dbus[0m [90m[0m
â”ƒ    [34mâ”‚  [0m[34mâ”œâ”€ [0m[33m[1mâµ unit-dbus.service[0m[0m
â”ƒ    [34mâ”‚  [0m[34mâ”‚  [0m      [34mâ”Œâ”€ [0m[32mâœ” rebuild[0m [90m[0m
â”ƒ    [34mâ”‚  [0m[34mâ”‚  [0m   [34mâ”Œâ”€ [0m[32mâœ” system-path[0m [90mâ± 2s[0m
â”ƒ    [34mâ”‚  [0m[34mâ”‚  [0m[34mâ”Œâ”€ [0m[32mâœ” X-Restart-Triggers-polkit[0m [90m[0m
â”ƒ    [34mâ”‚  [0m[34mâ”œâ”€ [0m[33m[1mâµ unit-polkit.service[0m[0m
â”ƒ    [34mâ”œâ”€ [0m[34mâ¸ system-units[0m
â”ƒ [34mâ”Œâ”€ [0m[34mâ¸ etc[0m
â”ƒ [34mâ¸ nixos-system-pccasa-25.11.20250603.c2a0396[0m[0m
â”£â”â”â” [1mBuilds         [0m
â”—â” âˆ‘ [33mâµ [1m2[0m[0m â”‚ [32mâœ” [1m9[0m[0m â”‚ [34mâ¸ [1m5[0m[0m â”‚ [1mâ± 17s[0m[?2026l[?2026h[2K[1F[2K[1F[2K[1F[2K[1F[2K[1F[2K[1F[2K[1F[2K[1F[2K[1F[2K[1F[2K[1F[2K[1F[2K[1F[2K[1F[2K[1F[2K[1F[2K[1F[2K[1F[2K[0m[34munit-dbus.service> [0mbuilding '/nix/store/y7vxh0csv6559iyshpdasnyyzns6mzv4-unit-dbus.service.drv'
â”â” [1mDependency Graph[0m:
â”ƒ    [34mâ”Œâ”€ [0m[32mâœ” etc-pam-environment[0m [90m[0m
â”ƒ    [34mâ”‚  [0m[34mâ”Œâ”€ [0m[32mâœ” set-environment[0m [90m[0m
â”ƒ    [34mâ”œâ”€ [0m[32mâœ” etc-profile[0m [90m[0m
â”ƒ    [34mâ”‚  [0m[34mâ”Œâ”€ [0m[33m[1mâµ unit-dbus.service[0m[0m
â”ƒ    [34mâ”œâ”€ [0m[34mâ¸ user-units[0m
â”ƒ    [34mâ”‚  [0m[34mâ”Œâ”€ [0m[32mâœ” unit-accounts-daemon.service[0m [90m[0m
â”ƒ    [34mâ”‚  [0m[34mâ”‚  [0m   [34mâ”Œâ”€ [0m[32mâœ” dbus-1[0m [90m[0m
â”ƒ    [34mâ”‚  [0m[34mâ”‚  [0m[34mâ”Œâ”€ [0m[32mâœ” X-Restart-Triggers-dbus[0m [90m[0m
â”ƒ    [34mâ”‚  [0m[34mâ”œâ”€ [0m[33m[1mâµ unit-dbus.service[0m[0m
â”ƒ    [34mâ”‚  [0m[34mâ”‚  [0m      [34mâ”Œâ”€ [0m[32mâœ” rebuild[0m [90m[0m
â”ƒ    [34mâ”‚  [0m[34mâ”‚  [0m   [34mâ”Œâ”€ [0m[32mâœ” system-path[0m [90mâ± 2s[0m
â”ƒ    [34mâ”‚  [0m[34mâ”‚  [0m[34mâ”Œâ”€ [0m[32mâœ” X-Restart-Triggers-polkit[0m [90m[0m
â”ƒ    [34mâ”‚  [0m[34mâ”œâ”€ [0m[33m[1mâµ unit-polkit.service[0m[0m
â”ƒ    [34mâ”œâ”€ [0m[34mâ¸ system-units[0m
â”ƒ [34mâ”Œâ”€ [0m[34mâ¸ etc[0m
â”ƒ [34mâ¸ nixos-system-pccasa-25.11.20250603.c2a0396[0m[0m
â”£â”â”â” [1mBuilds         [0m
â”—â” âˆ‘ [33mâµ [1m3[0m[0m â”‚ [32mâœ” [1m9[0m[0m â”‚ [34mâ¸ [1m4[0m[0m â”‚ [1mâ± 17s[0m[?2026l[?2026h[2K[1F[2K[1F[2K[1F[2K[1F[2K[1F[2K[1F[2K[1F[2K[1F[2K[1F[2K[1F[2K[1F[2K[1F[2K[1F[2K[1F[2K[1F[2K[1F[2K[1F[2K[1F[2Kâ”â” [1mDependency Graph[0m:
â”ƒ    [34mâ”Œâ”€ [0m[32mâœ” etc-pam-environment[0m [90m[0m
â”ƒ    [34mâ”‚  [0m[34mâ”Œâ”€ [0m[32mâœ” set-environment[0m [90m[0m
â”ƒ    [34mâ”œâ”€ [0m[32mâœ” etc-profile[0m [90m[0m
â”ƒ    [34mâ”‚  [0m[34mâ”Œâ”€ [0m[33m[1mâµ unit-dbus.service[0m[0m
â”ƒ    [34mâ”œâ”€ [0m[34mâ¸ user-units[0m
â”ƒ    [34mâ”‚  [0m[34mâ”Œâ”€ [0m[32mâœ” unit-accounts-daemon.service[0m [90m[0m
â”ƒ    [34mâ”‚  [0m[34mâ”‚  [0m   [34mâ”Œâ”€ [0m[32mâœ” dbus-1[0m [90m[0m
â”ƒ    [34mâ”‚  [0m[34mâ”‚  [0m[34mâ”Œâ”€ [0m[32mâœ” X-Restart-Triggers-dbus[0m [90m[0m
â”ƒ    [34mâ”‚  [0m[34mâ”œâ”€ [0m[33m[1mâµ unit-dbus.service[0m[0m
â”ƒ    [34mâ”‚  [0m[34mâ”‚  [0m      [34mâ”Œâ”€ [0m[32mâœ” rebuild[0m [90m[0m
â”ƒ    [34mâ”‚  [0m[34mâ”‚  [0m   [34mâ”Œâ”€ [0m[32mâœ” system-path[0m [90mâ± 2s[0m
â”ƒ    [34mâ”‚  [0m[34mâ”‚  [0m[34mâ”Œâ”€ [0m[32mâœ” X-Restart-Triggers-polkit[0m [90m[0m
â”ƒ    [34mâ”‚  [0m[34mâ”œâ”€ [0m[33m[1mâµ unit-polkit.service[0m[0m
â”ƒ    [34mâ”œâ”€ [0m[34mâ¸ system-units[0m
â”ƒ [34mâ”Œâ”€ [0m[34mâ¸ etc[0m
â”ƒ [34mâ¸ nixos-system-pccasa-25.11.20250603.c2a0396[0m[0m
â”£â”â”â” [1mBuilds         [0m
â”—â” âˆ‘ [33mâµ [1m3[0m[0m â”‚ [32mâœ” [1m9[0m[0m â”‚ [34mâ¸ [1m4[0m[0m â”‚ [1mâ± 17s[0m[?2026l[?2026h[2K[1F[2K[1F[2K[1F[2K[1F[2K[1F[2K[1F[2K[1F[2K[1F[2K[1F[2K[1F[2K[1F[2K[1F[2K[1F[2K[1F[2K[1F[2K[1F[2K[1F[2K[1F[2Kâ”â” [1mDependency Graph[0m:
â”ƒ    [34mâ”Œâ”€ [0m[32mâœ” etc-pam-environment[0m [90m[0m
â”ƒ    [34mâ”‚  [0m[34mâ”Œâ”€ [0m[32mâœ” set-environment[0m [90m[0m
â”ƒ    [34mâ”œâ”€ [0m[32mâœ” etc-profile[0m [90m[0m
â”ƒ    [34mâ”‚  [0m[34mâ”Œâ”€ [0m[33m[1mâµ unit-dbus.service[0m[0m
â”ƒ    [34mâ”œâ”€ [0m[34mâ¸ user-units[0m
â”ƒ    [34mâ”‚  [0m[34mâ”Œâ”€ [0m[32mâœ” unit-accounts-daemon.service[0m [90m[0m
â”ƒ    [34mâ”‚  [0m[34mâ”‚  [0m   [34mâ”Œâ”€ [0m[32mâœ” dbus-1[0m [90m[0m
â”ƒ    [34mâ”‚  [0m[34mâ”‚  [0m[34mâ”Œâ”€ [0m[32mâœ” X-Restart-Triggers-dbus[0m [90m[0m
â”ƒ    [34mâ”‚  [0m[34mâ”œâ”€ [0m[32mâœ” unit-dbus.service[0m [90m[0m
â”ƒ    [34mâ”‚  [0m[34mâ”‚  [0m      [34mâ”Œâ”€ [0m[32mâœ” rebuild[0m [90m[0m
â”ƒ    [34mâ”‚  [0m[34mâ”‚  [0m   [34mâ”Œâ”€ [0m[32mâœ” system-path[0m [90mâ± 2s[0m
â”ƒ    [34mâ”‚  [0m[34mâ”‚  [0m[34mâ”Œâ”€ [0m[32mâœ” X-Restart-Triggers-polkit[0m [90m[0m
â”ƒ    [34mâ”‚  [0m[34mâ”œâ”€ [0m[32mâœ” unit-polkit.service[0m [90m[0m
â”ƒ    [34mâ”œâ”€ [0m[34mâ¸ system-units[0m
â”ƒ [34mâ”Œâ”€ [0m[34mâ¸ etc[0m
â”ƒ [34mâ¸ nixos-system-pccasa-25.11.20250603.c2a0396[0m[0m
â”£â”â”â” [1mBuilds          [0m
â”—â” âˆ‘ [33mâµ [1m1[0m[0m â”‚ [32mâœ” [1m11[0m[0m â”‚ [34mâ¸ [1m4[0m[0m â”‚ [1mâ± 17s[0m[?2026l[?2026h[2K[1F[2K[1F[2K[1F[2K[1F[2K[1F[2K[1F[2K[1F[2K[1F[2K[1F[2K[1F[2K[1F[2K[1F[2K[1F[2K[1F[2K[1F[2K[1F[2K[1F[2K[1F[2K[0m[34msystem-units> [0mbuilding '/nix/store/g72bwrjw731cns197skw0d099jvmy7q2-system-units.drv'
â”â” [1mDependency Graph[0m:
â”ƒ    [34mâ”Œâ”€ [0m[32mâœ” etc-pam-environment[0m [90m[0m
â”ƒ    [34mâ”‚  [0m[34mâ”Œâ”€ [0m[32mâœ” set-environment[0m [90m[0m
â”ƒ    [34mâ”œâ”€ [0m[32mâœ” etc-profile[0m [90m[0m
â”ƒ    [34mâ”‚  [0m[34mâ”Œâ”€ [0m[32mâœ” unit-accounts-daemon.service[0m [90m[0m
â”ƒ    [34mâ”‚  [0m[34mâ”‚  [0m[34mâ”Œâ”€ [0m[32mâœ” X-Restart-Triggers-polkit[0m [90m[0m
â”ƒ    [34mâ”‚  [0m[34mâ”œâ”€ [0m[32mâœ” unit-polkit.service[0m [90m[0m
â”ƒ    [34mâ”‚  [0m[34mâ”œâ”€ [0m[32mâœ” unit-dbus.service[0m [90m[0m
â”ƒ    [34mâ”œâ”€ [0m[33m[1mâµ system-units[0m[0m
â”ƒ    [34mâ”‚  [0m            [34mâ”Œâ”€ [0m[32mâœ” rebuild[0m [90m[0m
â”ƒ    [34mâ”‚  [0m         [34mâ”Œâ”€ [0m[32mâœ” system-path[0m [90mâ± 2s[0m
â”ƒ    [34mâ”‚  [0m      [34mâ”Œâ”€ [0m[32mâœ” dbus-1[0m [90m[0m
â”ƒ    [34mâ”‚  [0m   [34mâ”Œâ”€ [0m[32mâœ” X-Restart-Triggers-dbus[0m [90m[0m
â”ƒ    [34mâ”‚  [0m[34mâ”Œâ”€ [0m[33m[1mâµ unit-dbus.service[0m[0m
â”ƒ    [34mâ”œâ”€ [0m[34mâ¸ user-units[0m
â”ƒ [34mâ”Œâ”€ [0m[34mâ¸ etc[0m
â”ƒ [34mâ¸ nixos-system-pccasa-25.11.20250603.c2a0396[0m[0m
â”£â”â”â” [1mBuilds          [0m
â”—â” âˆ‘ [33mâµ [1m2[0m[0m â”‚ [32mâœ” [1m11[0m[0m â”‚ [34mâ¸ [1m3[0m[0m â”‚ [1mâ± 18s[0m[?2026l[?2026h[2K[1F[2K[1F[2K[1F[2K[1F[2K[1F[2K[1F[2K[1F[2K[1F[2K[1F[2K[1F[2K[1F[2K[1F[2K[1F[2K[1F[2K[1F[2K[1F[2K[1F[2K[1F[2Kâ”â” [1mDependency Graph[0m:
â”ƒ    [34mâ”Œâ”€ [0m[32mâœ” etc-pam-environment[0m [90m[0m
â”ƒ    [34mâ”‚  [0m[34mâ”Œâ”€ [0m[32mâœ” set-environment[0m [90m[0m
â”ƒ    [34mâ”œâ”€ [0m[32mâœ” etc-profile[0m [90m[0m
â”ƒ    [34mâ”‚  [0m[34mâ”Œâ”€ [0m[32mâœ” unit-dbus.service[0m [90m[0m
â”ƒ    [34mâ”œâ”€ [0m[34mâ¸ user-units[0m
â”ƒ    [34mâ”‚  [0m[34mâ”Œâ”€ [0m[32mâœ” unit-accounts-daemon.service[0m [90m[0m
â”ƒ    [34mâ”‚  [0m[34mâ”‚  [0m[34mâ”Œâ”€ [0m[32mâœ” X-Restart-Triggers-polkit[0m [90m[0m
â”ƒ    [34mâ”‚  [0m[34mâ”œâ”€ [0m[32mâœ” unit-polkit.service[0m [90m[0m
â”ƒ    [34mâ”‚  [0m[34mâ”‚  [0m         [34mâ”Œâ”€ [0m[32mâœ” rebuild[0m [90m[0m
â”ƒ    [34mâ”‚  [0m[34mâ”‚  [0m      [34mâ”Œâ”€ [0m[32mâœ” system-path[0m [90mâ± 2s[0m
â”ƒ    [34mâ”‚  [0m[34mâ”‚  [0m   [34mâ”Œâ”€ [0m[32mâœ” dbus-1[0m [90m[0m
â”ƒ    [34mâ”‚  [0m[34mâ”‚  [0m[34mâ”Œâ”€ [0m[32mâœ” X-Restart-Triggers-dbus[0m [90m[0m
â”ƒ    [34mâ”‚  [0m[34mâ”œâ”€ [0m[32mâœ” unit-dbus.service[0m [90m[0m
â”ƒ    [34mâ”œâ”€ [0m[33m[1mâµ system-units[0m[0m
â”ƒ [34mâ”Œâ”€ [0m[34mâ¸ etc[0m
â”ƒ [34mâ¸ nixos-system-pccasa-25.11.20250603.c2a0396[0m[0m
â”£â”â”â” [1mBuilds          [0m
â”—â” âˆ‘ [33mâµ [1m1[0m[0m â”‚ [32mâœ” [1m12[0m[0m â”‚ [34mâ¸ [1m3[0m[0m â”‚ [1mâ± 18s[0m[?2026l[?2026h[2K[1F[2K[1F[2K[1F[2K[1F[2K[1F[2K[1F[2K[1F[2K[1F[2K[1F[2K[1F[2K[1F[2K[1F[2K[1F[2K[1F[2K[1F[2K[1F[2K[1F[2K[1F[2K[0m[34muser-units> [0mbuilding '/nix/store/g8sbg5w2hq36kfxzxsr00ym4fhzjzzyy-user-units.drv'
â”â” [1mDependency Graph[0m:
â”ƒ    [34mâ”Œâ”€ [0m[32mâœ” etc-pam-environment[0m [90m[0m
â”ƒ    [34mâ”‚  [0m[34mâ”Œâ”€ [0m[32mâœ” set-environment[0m [90m[0m
â”ƒ    [34mâ”œâ”€ [0m[32mâœ” etc-profile[0m [90m[0m
â”ƒ    [34mâ”‚  [0m[34mâ”Œâ”€ [0m[32mâœ” unit-dbus.service[0m [90m[0m
â”ƒ    [34mâ”œâ”€ [0m[33m[1mâµ user-units[0m[0m
â”ƒ    [34mâ”‚  [0m[34mâ”Œâ”€ [0m[32mâœ” unit-accounts-daemon.service[0m [90m[0m
â”ƒ    [34mâ”‚  [0m[34mâ”‚  [0m[34mâ”Œâ”€ [0m[32mâœ” X-Restart-Triggers-polkit[0m [90m[0m
â”ƒ    [34mâ”‚  [0m[34mâ”œâ”€ [0m[32mâœ” unit-polkit.service[0m [90m[0m
â”ƒ    [34mâ”‚  [0m[34mâ”‚  [0m         [34mâ”Œâ”€ [0m[32mâœ” rebuild[0m [90m[0m
â”ƒ    [34mâ”‚  [0m[34mâ”‚  [0m      [34mâ”Œâ”€ [0m[32mâœ” system-path[0m [90mâ± 2s[0m
â”ƒ    [34mâ”‚  [0m[34mâ”‚  [0m   [34mâ”Œâ”€ [0m[32mâœ” dbus-1[0m [90m[0m
â”ƒ    [34mâ”‚  [0m[34mâ”‚  [0m[34mâ”Œâ”€ [0m[32mâœ” X-Restart-Triggers-dbus[0m [90m[0m
â”ƒ    [34mâ”‚  [0m[34mâ”œâ”€ [0m[32mâœ” unit-dbus.service[0m [90m[0m
â”ƒ    [34mâ”œâ”€ [0m[33m[1mâµ system-units[0m[0m
â”ƒ [34mâ”Œâ”€ [0m[34mâ¸ etc[0m
â”ƒ [34mâ¸ nixos-system-pccasa-25.11.20250603.c2a0396[0m[0m
â”£â”â”â” [1mBuilds          [0m
â”—â” âˆ‘ [33mâµ [1m2[0m[0m â”‚ [32mâœ” [1m12[0m[0m â”‚ [34mâ¸ [1m2[0m[0m â”‚ [1mâ± 18s[0m[?2026l[?2026h[2K[1F[2K[1F[2K[1F[2K[1F[2K[1F[2K[1F[2K[1F[2K[1F[2K[1F[2K[1F[2K[1F[2K[1F[2K[1F[2K[1F[2K[1F[2K[1F[2K[1F[2K[1F[2Kâ”â” [1mDependency Graph[0m:
â”ƒ    [34mâ”Œâ”€ [0m[32mâœ” etc-pam-environment[0m [90m[0m
â”ƒ    [34mâ”‚  [0m[34mâ”Œâ”€ [0m[32mâœ” set-environment[0m [90m[0m
â”ƒ    [34mâ”œâ”€ [0m[32mâœ” etc-profile[0m [90m[0m
â”ƒ    [34mâ”‚  [0m[34mâ”Œâ”€ [0m[32mâœ” unit-dbus.service[0m [90m[0m
â”ƒ    [34mâ”œâ”€ [0m[33m[1mâµ user-units[0m[0m
â”ƒ    [34mâ”‚  [0m[34mâ”Œâ”€ [0m[32mâœ” unit-accounts-daemon.service[0m [90m[0m
â”ƒ    [34mâ”‚  [0m[34mâ”‚  [0m[34mâ”Œâ”€ [0m[32mâœ” X-Restart-Triggers-polkit[0m [90m[0m
â”ƒ    [34mâ”‚  [0m[34mâ”œâ”€ [0m[32mâœ” unit-polkit.service[0m [90m[0m
â”ƒ    [34mâ”‚  [0m[34mâ”‚  [0m         [34mâ”Œâ”€ [0m[32mâœ” rebuild[0m [90m[0m
â”ƒ    [34mâ”‚  [0m[34mâ”‚  [0m      [34mâ”Œâ”€ [0m[32mâœ” system-path[0m [90mâ± 2s[0m
â”ƒ    [34mâ”‚  [0m[34mâ”‚  [0m   [34mâ”Œâ”€ [0m[32mâœ” dbus-1[0m [90m[0m
â”ƒ    [34mâ”‚  [0m[34mâ”‚  [0m[34mâ”Œâ”€ [0m[32mâœ” X-Restart-Triggers-dbus[0m [90m[0m
â”ƒ    [34mâ”‚  [0m[34mâ”œâ”€ [0m[32mâœ” unit-dbus.service[0m [90m[0m
â”ƒ    [34mâ”œâ”€ [0m[33m[1mâµ system-units[0m[0m
â”ƒ [34mâ”Œâ”€ [0m[34mâ¸ etc[0m
â”ƒ [34mâ¸ nixos-system-pccasa-25.11.20250603.c2a0396[0m[0m
â”£â”â”â” [1mBuilds          [0m
â”—â” âˆ‘ [33mâµ [1m2[0m[0m â”‚ [32mâœ” [1m12[0m[0m â”‚ [34mâ¸ [1m2[0m[0m â”‚ [1mâ± 18s[0m[?2026l[?2026h[2K[1F[2K[1F[2K[1F[2K[1F[2K[1F[2K[1F[2K[1F[2K[1F[2K[1F[2K[1F[2K[1F[2K[1F[2K[1F[2K[1F[2K[1F[2K[1F[2K[1F[2K[1F[2Kâ”â” [1mDependency Graph[0m:
â”ƒ    [34mâ”Œâ”€ [0m[32mâœ” etc-pam-environment[0m [90m[0m
â”ƒ    [34mâ”‚  [0m[34mâ”Œâ”€ [0m[32mâœ” set-environment[0m [90m[0m
â”ƒ    [34mâ”œâ”€ [0m[32mâœ” etc-profile[0m [90m[0m
â”ƒ    [34mâ”‚  [0m[34mâ”Œâ”€ [0m[32mâœ” unit-dbus.service[0m [90m[0m
â”ƒ    [34mâ”œâ”€ [0m[32mâœ” user-units[0m [90m[0m
â”ƒ    [34mâ”‚  [0m[34mâ”Œâ”€ [0m[32mâœ” unit-accounts-daemon.service[0m [90m[0m
â”ƒ    [34mâ”‚  [0m[34mâ”‚  [0m[34mâ”Œâ”€ [0m[32mâœ” X-Restart-Triggers-polkit[0m [90m[0m
â”ƒ    [34mâ”‚  [0m[34mâ”œâ”€ [0m[32mâœ” unit-polkit.service[0m [90m[0m
â”ƒ    [34mâ”‚  [0m[34mâ”‚  [0m         [34mâ”Œâ”€ [0m[32mâœ” rebuild[0m [90m[0m
â”ƒ    [34mâ”‚  [0m[34mâ”‚  [0m      [34mâ”Œâ”€ [0m[32mâœ” system-path[0m [90mâ± 2s[0m
â”ƒ    [34mâ”‚  [0m[34mâ”‚  [0m   [34mâ”Œâ”€ [0m[32mâœ” dbus-1[0m [90m[0m
â”ƒ    [34mâ”‚  [0m[34mâ”‚  [0m[34mâ”Œâ”€ [0m[32mâœ” X-Restart-Triggers-dbus[0m [90m[0m
â”ƒ    [34mâ”‚  [0m[34mâ”œâ”€ [0m[32mâœ” unit-dbus.service[0m [90m[0m
â”ƒ    [34mâ”œâ”€ [0m[33m[1mâµ system-units[0m[0m
â”ƒ [34mâ”Œâ”€ [0m[34mâ¸ etc[0m
â”ƒ [34mâ¸ nixos-system-pccasa-25.11.20250603.c2a0396[0m[0m
â”£â”â”â” [1mBuilds          [0m
â”—â” âˆ‘ [33mâµ [1m1[0m[0m â”‚ [32mâœ” [1m13[0m[0m â”‚ [34mâ¸ [1m2[0m[0m â”‚ [1mâ± 18s[0m[?2026l[?2026h[2K[1F[2K[1F[2K[1F[2K[1F[2K[1F[2K[1F[2K[1F[2K[1F[2K[1F[2K[1F[2K[1F[2K[1F[2K[1F[2K[1F[2K[1F[2K[1F[2K[1F[2K[1F[2Kâ”â” [1mDependency Graph[0m:
â”ƒ    [34mâ”Œâ”€ [0m[32mâœ” etc-pam-environment[0m [90m[0m
â”ƒ    [34mâ”‚  [0m[34mâ”Œâ”€ [0m[32mâœ” set-environment[0m [90m[0m
â”ƒ    [34mâ”œâ”€ [0m[32mâœ” etc-profile[0m [90m[0m
â”ƒ    [34mâ”‚  [0m[34mâ”Œâ”€ [0m[32mâœ” unit-dbus.service[0m [90m[0m
â”ƒ    [34mâ”œâ”€ [0m[32mâœ” user-units[0m [90m[0m
â”ƒ    [34mâ”‚  [0m[34mâ”Œâ”€ [0m[32mâœ” unit-accounts-daemon.service[0m [90m[0m
â”ƒ    [34mâ”‚  [0m[34mâ”‚  [0m[34mâ”Œâ”€ [0m[32mâœ” X-Restart-Triggers-polkit[0m [90m[0m
â”ƒ    [34mâ”‚  [0m[34mâ”œâ”€ [0m[32mâœ” unit-polkit.service[0m [90m[0m
â”ƒ    [34mâ”‚  [0m[34mâ”‚  [0m         [34mâ”Œâ”€ [0m[32mâœ” rebuild[0m [90m[0m
â”ƒ    [34mâ”‚  [0m[34mâ”‚  [0m      [34mâ”Œâ”€ [0m[32mâœ” system-path[0m [90mâ± 2s[0m
â”ƒ    [34mâ”‚  [0m[34mâ”‚  [0m   [34mâ”Œâ”€ [0m[32mâœ” dbus-1[0m [90m[0m
â”ƒ    [34mâ”‚  [0m[34mâ”‚  [0m[34mâ”Œâ”€ [0m[32mâœ” X-Restart-Triggers-dbus[0m [90m[0m
â”ƒ    [34mâ”‚  [0m[34mâ”œâ”€ [0m[32mâœ” unit-dbus.service[0m [90m[0m
â”ƒ    [34mâ”œâ”€ [0m[33m[1mâµ system-units[0m[0m
â”ƒ [34mâ”Œâ”€ [0m[34mâ¸ etc[0m
â”ƒ [34mâ¸ nixos-system-pccasa-25.11.20250603.c2a0396[0m[0m
â”£â”â”â” [1mBuilds          [0m
â”—â” âˆ‘ [33mâµ [1m1[0m[0m â”‚ [32mâœ” [1m13[0m[0m â”‚ [34mâ¸ [1m2[0m[0m â”‚ [1mâ± 18s[0m[?2026l[?2026h[2K[1F[2K[1F[2K[1F[2K[1F[2K[1F[2K[1F[2K[1F[2K[1F[2K[1F[2K[1F[2K[1F[2K[1F[2K[1F[2K[1F[2K[1F[2K[1F[2K[1F[2K[1F[2Kâ”â” [1mDependency Graph[0m:
â”ƒ    [34mâ”Œâ”€ [0m[32mâœ” etc-pam-environment[0m [90m[0m
â”ƒ    [34mâ”‚  [0m[34mâ”Œâ”€ [0m[32mâœ” set-environment[0m [90m[0m
â”ƒ    [34mâ”œâ”€ [0m[32mâœ” etc-profile[0m [90m[0m
â”ƒ    [34mâ”‚  [0m[34mâ”Œâ”€ [0m[32mâœ” unit-dbus.service[0m [90m[0m
â”ƒ    [34mâ”œâ”€ [0m[32mâœ” user-units[0m [90m[0m
â”ƒ    [34mâ”‚  [0m[34mâ”Œâ”€ [0m[32mâœ” unit-accounts-daemon.service[0m [90m[0m
â”ƒ    [34mâ”‚  [0m[34mâ”‚  [0m[34mâ”Œâ”€ [0m[32mâœ” X-Restart-Triggers-polkit[0m [90m[0m
â”ƒ    [34mâ”‚  [0m[34mâ”œâ”€ [0m[32mâœ” unit-polkit.service[0m [90m[0m
â”ƒ    [34mâ”‚  [0m[34mâ”‚  [0m         [34mâ”Œâ”€ [0m[32mâœ” rebuild[0m [90m[0m
â”ƒ    [34mâ”‚  [0m[34mâ”‚  [0m      [34mâ”Œâ”€ [0m[32mâœ” system-path[0m [90mâ± 2s[0m
â”ƒ    [34mâ”‚  [0m[34mâ”‚  [0m   [34mâ”Œâ”€ [0m[32mâœ” dbus-1[0m [90m[0m
â”ƒ    [34mâ”‚  [0m[34mâ”‚  [0m[34mâ”Œâ”€ [0m[32mâœ” X-Restart-Triggers-dbus[0m [90m[0m
â”ƒ    [34mâ”‚  [0m[34mâ”œâ”€ [0m[32mâœ” unit-dbus.service[0m [90m[0m
â”ƒ    [34mâ”œâ”€ [0m[32mâœ” system-units[0m [90m[0m
â”ƒ [34mâ”Œâ”€ [0m[34mâ¸ etc[0m
â”ƒ [34mâ¸ nixos-system-pccasa-25.11.20250603.c2a0396[0m[0m
â”£â”â”â” [1mBuilds          [0m
â”—â” âˆ‘ [33mâµ 0[0m â”‚ [32mâœ” [1m14[0m[0m â”‚ [34mâ¸ [1m2[0m[0m â”‚ [1mâ± 18s[0m[?2026l[?2026h[2K[1F[2K[1F[2K[1F[2K[1F[2K[1F[2K[1F[2K[1F[2K[1F[2K[1F[2K[1F[2K[1F[2K[1F[2K[1F[2K[1F[2K[1F[2K[1F[2K[1F[2K[1F[2K[0m[34metc> [0mbuilding '/nix/store/a9id0379bb6i16g0fpcs62v5056z6w5m-etc.drv'
â”â” [1mDependency Graph[0m:
â”ƒ    [34mâ”Œâ”€ [0m[32mâœ” etc-pam-environment[0m [90m[0m
â”ƒ    [34mâ”‚  [0m[34mâ”Œâ”€ [0m[32mâœ” set-environment[0m [90m[0m
â”ƒ    [34mâ”œâ”€ [0m[32mâœ” etc-profile[0m [90m[0m
â”ƒ    [34mâ”‚  [0m[34mâ”Œâ”€ [0m[32mâœ” unit-dbus.service[0m [90m[0m
â”ƒ    [34mâ”œâ”€ [0m[32mâœ” user-units[0m [90m[0m
â”ƒ    [34mâ”‚  [0m[34mâ”Œâ”€ [0m[32mâœ” unit-accounts-daemon.service[0m [90m[0m
â”ƒ    [34mâ”‚  [0m[34mâ”‚  [0m[34mâ”Œâ”€ [0m[32mâœ” X-Restart-Triggers-polkit[0m [90m[0m
â”ƒ    [34mâ”‚  [0m[34mâ”œâ”€ [0m[32mâœ” unit-polkit.service[0m [90m[0m
â”ƒ    [34mâ”‚  [0m[34mâ”‚  [0m         [34mâ”Œâ”€ [0m[32mâœ” rebuild[0m [90m[0m
â”ƒ    [34mâ”‚  [0m[34mâ”‚  [0m      [34mâ”Œâ”€ [0m[32mâœ” system-path[0m [90mâ± 2s[0m
â”ƒ    [34mâ”‚  [0m[34mâ”‚  [0m   [34mâ”Œâ”€ [0m[32mâœ” dbus-1[0m [90m[0m
â”ƒ    [34mâ”‚  [0m[34mâ”‚  [0m[34mâ”Œâ”€ [0m[32mâœ” X-Restart-Triggers-dbus[0m [90m[0m
â”ƒ    [34mâ”‚  [0m[34mâ”œâ”€ [0m[32mâœ” unit-dbus.service[0m [90m[0m
â”ƒ    [34mâ”œâ”€ [0m[32mâœ” system-units[0m [90m[0m
â”ƒ [34mâ”Œâ”€ [0m[33m[1mâµ etc[0m[0m
â”ƒ [34mâ¸ nixos-system-pccasa-25.11.20250603.c2a0396[0m[0m
â”£â”â”â” [1mBuilds          [0m
â”—â” âˆ‘ [33mâµ [1m1[0m[0m â”‚ [32mâœ” [1m14[0m[0m â”‚ [34mâ¸ [1m1[0m[0m â”‚ [1mâ± 18s[0m[?2026l[?2026h[2K[1F[2K[1F[2K[1F[2K[1F[2K[1F[2K[1F[2K[1F[2K[1F[2K[1F[2K[1F[2K[1F[2K[1F[2K[1F[2K[1F[2K[1F[2K[1F[2K[1F[2K[1F[2Kâ”â” [1mDependency Graph[0m:
â”ƒ    [34mâ”Œâ”€ [0m[32mâœ” etc-pam-environment[0m [90m[0m
â”ƒ    [34mâ”‚  [0m[34mâ”Œâ”€ [0m[32mâœ” set-environment[0m [90m[0m
â”ƒ    [34mâ”œâ”€ [0m[32mâœ” etc-profile[0m [90m[0m
â”ƒ    [34mâ”‚  [0m[34mâ”Œâ”€ [0m[32mâœ” unit-dbus.service[0m [90m[0m
â”ƒ    [34mâ”œâ”€ [0m[32mâœ” user-units[0m [90m[0m
â”ƒ    [34mâ”‚  [0m[34mâ”Œâ”€ [0m[32mâœ” unit-accounts-daemon.service[0m [90m[0m
â”ƒ    [34mâ”‚  [0m[34mâ”‚  [0m[34mâ”Œâ”€ [0m[32mâœ” X-Restart-Triggers-polkit[0m [90m[0m
â”ƒ    [34mâ”‚  [0m[34mâ”œâ”€ [0m[32mâœ” unit-polkit.service[0m [90m[0m
â”ƒ    [34mâ”‚  [0m[34mâ”‚  [0m         [34mâ”Œâ”€ [0m[32mâœ” rebuild[0m [90m[0m
â”ƒ    [34mâ”‚  [0m[34mâ”‚  [0m      [34mâ”Œâ”€ [0m[32mâœ” system-path[0m [90mâ± 2s[0m
â”ƒ    [34mâ”‚  [0m[34mâ”‚  [0m   [34mâ”Œâ”€ [0m[32mâœ” dbus-1[0m [90m[0m
â”ƒ    [34mâ”‚  [0m[34mâ”‚  [0m[34mâ”Œâ”€ [0m[32mâœ” X-Restart-Triggers-dbus[0m [90m[0m
â”ƒ    [34mâ”‚  [0m[34mâ”œâ”€ [0m[32mâœ” unit-dbus.service[0m [90m[0m
â”ƒ    [34mâ”œâ”€ [0m[32mâœ” system-units[0m [90m[0m
â”ƒ [34mâ”Œâ”€ [0m[33m[1mâµ etc[0m[0m
â”ƒ [34mâ¸ nixos-system-pccasa-25.11.20250603.c2a0396[0m[0m
â”£â”â”â” [1mBuilds          [0m
â”—â” âˆ‘ [33mâµ [1m1[0m[0m â”‚ [32mâœ” [1m14[0m[0m â”‚ [34mâ¸ [1m1[0m[0m â”‚ [1mâ± 19s[0m[?2026l[?2026h[2K[1F[2K[1F[2K[1F[2K[1F[2K[1F[2K[1F[2K[1F[2K[1F[2K[1F[2K[1F[2K[1F[2K[1F[2K[1F[2K[1F[2K[1F[2K[1F[2K[1F[2K[1F[2Kâ”â” [1mDependency Graph[0m:
â”ƒ    [34mâ”Œâ”€ [0m[32mâœ” etc-pam-environment[0m [90m[0m
â”ƒ    [34mâ”‚  [0m[34mâ”Œâ”€ [0m[32mâœ” set-environment[0m [90m[0m
â”ƒ    [34mâ”œâ”€ [0m[32mâœ” etc-profile[0m [90m[0m
â”ƒ    [34mâ”‚  [0m[34mâ”Œâ”€ [0m[32mâœ” unit-dbus.service[0m [90m[0m
â”ƒ    [34mâ”œâ”€ [0m[32mâœ” user-units[0m [90m[0m
â”ƒ    [34mâ”‚  [0m[34mâ”Œâ”€ [0m[32mâœ” unit-accounts-daemon.service[0m [90m[0m
â”ƒ    [34mâ”‚  [0m[34mâ”‚  [0m[34mâ”Œâ”€ [0m[32mâœ” X-Restart-Triggers-polkit[0m [90m[0m
â”ƒ    [34mâ”‚  [0m[34mâ”œâ”€ [0m[32mâœ” unit-polkit.service[0m [90m[0m
â”ƒ    [34mâ”‚  [0m[34mâ”‚  [0m         [34mâ”Œâ”€ [0m[32mâœ” rebuild[0m [90m[0m
â”ƒ    [34mâ”‚  [0m[34mâ”‚  [0m      [34mâ”Œâ”€ [0m[32mâœ” system-path[0m [90mâ± 2s[0m
â”ƒ    [34mâ”‚  [0m[34mâ”‚  [0m   [34mâ”Œâ”€ [0m[32mâœ” dbus-1[0m [90m[0m
â”ƒ    [34mâ”‚  [0m[34mâ”‚  [0m[34mâ”Œâ”€ [0m[32mâœ” X-Restart-Triggers-dbus[0m [90m[0m
â”ƒ    [34mâ”‚  [0m[34mâ”œâ”€ [0m[32mâœ” unit-dbus.service[0m [90m[0m
â”ƒ    [34mâ”œâ”€ [0m[32mâœ” system-units[0m [90m[0m
â”ƒ [34mâ”Œâ”€ [0m[32mâœ” etc[0m [90m[0m
â”ƒ [34mâ¸ nixos-system-pccasa-25.11.20250603.c2a0396[0m[0m
â”£â”â”â” [1mBuilds          [0m
â”—â” âˆ‘ [33mâµ 0[0m â”‚ [32mâœ” [1m15[0m[0m â”‚ [34mâ¸ [1m1[0m[0m â”‚ [1mâ± 19s[0m[?2026l[?2026h[2K[1F[2K[1F[2K[1F[2K[1F[2K[1F[2K[1F[2K[1F[2K[1F[2K[1F[2K[1F[2K[1F[2K[1F[2K[1F[2K[1F[2K[1F[2K[1F[2K[1F[2K[1F[2K[0m[34mnixos-system-pccasa-25.11.20250603.c2a> [0mbuilding '/nix/store/skd3q7brbavm21rwx6zdqz0jgwma7d8p-nixos-system-pccasa-25.11.20250603.c2a0396.drv'
â”â” [1mDependency Graph[0m:
â”ƒ    [34mâ”Œâ”€ [0m[32mâœ” etc-pam-environment[0m [90m[0m
â”ƒ    [34mâ”‚  [0m[34mâ”Œâ”€ [0m[32mâœ” set-environment[0m [90m[0m
â”ƒ    [34mâ”œâ”€ [0m[32mâœ” etc-profile[0m [90m[0m
â”ƒ    [34mâ”‚  [0m[34mâ”Œâ”€ [0m[32mâœ” unit-dbus.service[0m [90m[0m
â”ƒ    [34mâ”œâ”€ [0m[32mâœ” user-units[0m [90m[0m
â”ƒ    [34mâ”‚  [0m[34mâ”Œâ”€ [0m[32mâœ” unit-accounts-daemon.service[0m [90m[0m
â”ƒ    [34mâ”‚  [0m[34mâ”‚  [0m[34mâ”Œâ”€ [0m[32mâœ” X-Restart-Triggers-polkit[0m [90m[0m
â”ƒ    [34mâ”‚  [0m[34mâ”œâ”€ [0m[32mâœ” unit-polkit.service[0m [90m[0m
â”ƒ    [34mâ”‚  [0m[34mâ”‚  [0m         [34mâ”Œâ”€ [0m[32mâœ” rebuild[0m [90m[0m
â”ƒ    [34mâ”‚  [0m[34mâ”‚  [0m      [34mâ”Œâ”€ [0m[32mâœ” system-path[0m [90mâ± 2s[0m
â”ƒ    [34mâ”‚  [0m[34mâ”‚  [0m   [34mâ”Œâ”€ [0m[32mâœ” dbus-1[0m [90m[0m
â”ƒ    [34mâ”‚  [0m[34mâ”‚  [0m[34mâ”Œâ”€ [0m[32mâœ” X-Restart-Triggers-dbus[0m [90m[0m
â”ƒ    [34mâ”‚  [0m[34mâ”œâ”€ [0m[32mâœ” unit-dbus.service[0m [90m[0m
â”ƒ    [34mâ”œâ”€ [0m[32mâœ” system-units[0m [90m[0m
â”ƒ [34mâ”Œâ”€ [0m[32mâœ” etc[0m [90m[0m
â”ƒ [33m[1mâµ nixos-system-pccasa-25.11.20250603.c2a0396[0m[0m[0m
â”£â”â”â” [1mBuilds          [0m
â”—â” âˆ‘ [33mâµ [1m1[0m[0m â”‚ [32mâœ” [1m15[0m[0m â”‚ [34mâ¸ 0[0m â”‚ [1mâ± 19s[0m[?2026l[?2026h[2K[1F[2K[1F[2K[1F[2K[1F[2K[1F[2K[1F[2K[1F[2K[1F[2K[1F[2K[1F[2K[1F[2K[1F[2K[1F[2K[1F[2K[1F[2K[1F[2K[1F[2K[1F[2Kâ”â” [1mDependency Graph[0m:
â”ƒ    [34mâ”Œâ”€ [0m[32mâœ” etc-pam-environment[0m [90m[0m
â”ƒ    [34mâ”‚  [0m[34mâ”Œâ”€ [0m[32mâœ” set-environment[0m [90m[0m
â”ƒ    [34mâ”œâ”€ [0m[32mâœ” etc-profile[0m [90m[0m
â”ƒ    [34mâ”‚  [0m[34mâ”Œâ”€ [0m[32mâœ” unit-dbus.service[0m [90m[0m
â”ƒ    [34mâ”œâ”€ [0m[32mâœ” user-units[0m [90m[0m
â”ƒ    [34mâ”‚  [0m[34mâ”Œâ”€ [0m[32mâœ” unit-accounts-daemon.service[0m [90m[0m
â”ƒ    [34mâ”‚  [0m[34mâ”‚  [0m[34mâ”Œâ”€ [0m[32mâœ” X-Restart-Triggers-polkit[0m [90m[0m
â”ƒ    [34mâ”‚  [0m[34mâ”œâ”€ [0m[32mâœ” unit-polkit.service[0m [90m[0m
â”ƒ    [34mâ”‚  [0m[34mâ”‚  [0m         [34mâ”Œâ”€ [0m[32mâœ” rebuild[0m [90m[0m
â”ƒ    [34mâ”‚  [0m[34mâ”‚  [0m      [34mâ”Œâ”€ [0m[32mâœ” system-path[0m [90mâ± 2s[0m
â”ƒ    [34mâ”‚  [0m[34mâ”‚  [0m   [34mâ”Œâ”€ [0m[32mâœ” dbus-1[0m [90m[0m
â”ƒ    [34mâ”‚  [0m[34mâ”‚  [0m[34mâ”Œâ”€ [0m[32mâœ” X-Restart-Triggers-dbus[0m [90m[0m
â”ƒ    [34mâ”‚  [0m[34mâ”œâ”€ [0m[32mâœ” unit-dbus.service[0m [90m[0m
â”ƒ    [34mâ”œâ”€ [0m[32mâœ” system-units[0m [90m[0m
â”ƒ [34mâ”Œâ”€ [0m[32mâœ” etc[0m [90m[0m
â”ƒ [33m[1mâµ nixos-system-pccasa-25.11.20250603.c2a0396[0m[0m[0m
â”£â”â”â” [1mBuilds          [0m
â”—â” âˆ‘ [33mâµ [1m1[0m[0m â”‚ [32mâœ” [1m15[0m[0m â”‚ [34mâ¸ 0[0m â”‚ [1mâ± 19s[0m[?2026l[?2026h[2K[1F[2K[1F[2K[1F[2K[1F[2K[1F[2K[1F[2K[1F[2K[1F[2K[1F[2K[1F[2K[1F[2K[1F[2K[1F[2K[1F[2K[1F[2K[1F[2K[1F[2K[1F[2Kâ”â” [1mDependency Graph[0m:
â”ƒ    [34mâ”Œâ”€ [0m[32mâœ” etc-pam-environment[0m [90m[0m
â”ƒ    [34mâ”‚  [0m[34mâ”Œâ”€ [0m[32mâœ” set-environment[0m [90m[0m
â”ƒ    [34mâ”œâ”€ [0m[32mâœ” etc-profile[0m [90m[0m
â”ƒ    [34mâ”‚  [0m[34mâ”Œâ”€ [0m[32mâœ” unit-dbus.service[0m [90m[0m
â”ƒ    [34mâ”œâ”€ [0m[32mâœ” user-units[0m [90m[0m
â”ƒ    [34mâ”‚  [0m[34mâ”Œâ”€ [0m[32mâœ” unit-accounts-daemon.service[0m [90m[0m
â”ƒ    [34mâ”‚  [0m[34mâ”‚  [0m[34mâ”Œâ”€ [0m[32mâœ” X-Restart-Triggers-polkit[0m [90m[0m
â”ƒ    [34mâ”‚  [0m[34mâ”œâ”€ [0m[32mâœ” unit-polkit.service[0m [90m[0m
â”ƒ    [34mâ”‚  [0m[34mâ”‚  [0m         [34mâ”Œâ”€ [0m[32mâœ” rebuild[0m [90m[0m
â”ƒ    [34mâ”‚  [0m[34mâ”‚  [0m      [34mâ”Œâ”€ [0m[32mâœ” system-path[0m [90mâ± 2s[0m
â”ƒ    [34mâ”‚  [0m[34mâ”‚  [0m   [34mâ”Œâ”€ [0m[32mâœ” dbus-1[0m [90m[0m
â”ƒ    [34mâ”‚  [0m[34mâ”‚  [0m[34mâ”Œâ”€ [0m[32mâœ” X-Restart-Triggers-dbus[0m [90m[0m
â”ƒ    [34mâ”‚  [0m[34mâ”œâ”€ [0m[32mâœ” unit-dbus.service[0m [90m[0m
â”ƒ    [34mâ”œâ”€ [0m[32mâœ” system-units[0m [90m[0m
â”ƒ [34mâ”Œâ”€ [0m[32mâœ” etc[0m [90m[0m
â”ƒ [32mâœ” nixos-system-pccasa-25.11.20250603.c2a0396[0m [90m[0m[0m
â”£â”â”â” [1mBuilds          [0m
â”—â” âˆ‘ [33mâµ 0[0m â”‚ [32mâœ” [1m16[0m[0m â”‚ [34mâ¸ 0[0m â”‚ [1mâ± 19s[0m[?2026l[?2026h[2K[1F[2K[1F[2K[1F[2K[1F[2K[1F[2K[1F[2K[1F[2K[1F[2K[1F[2K[1F[2K[1F[2K[1F[2K[1F[2K[1F[2K[1F[2K[1F[2K[1F[2K[1F[2Kâ”â” [1mDependency Graph[0m:
â”ƒ    [34mâ”Œâ”€ [0m[32mâœ” etc-pam-environment[0m [90m[0m
â”ƒ    [34mâ”‚  [0m[34mâ”Œâ”€ [0m[32mâœ” set-environment[0m [90m[0m
â”ƒ    [34mâ”œâ”€ [0m[32mâœ” etc-profile[0m [90m[0m
â”ƒ    [34mâ”‚  [0m[34mâ”Œâ”€ [0m[32mâœ” unit-dbus.service[0m [90m[0m
â”ƒ    [34mâ”œâ”€ [0m[32mâœ” user-units[0m [90m[0m
â”ƒ    [34mâ”‚  [0m[34mâ”Œâ”€ [0m[32mâœ” unit-accounts-daemon.service[0m [90m[0m
â”ƒ    [34mâ”‚  [0m[34mâ”‚  [0m[34mâ”Œâ”€ [0m[32mâœ” X-Restart-Triggers-polkit[0m [90m[0m
â”ƒ    [34mâ”‚  [0m[34mâ”œâ”€ [0m[32mâœ” unit-polkit.service[0m [90m[0m
â”ƒ    [34mâ”‚  [0m[34mâ”‚  [0m         [34mâ”Œâ”€ [0m[32mâœ” rebuild[0m [90m[0m
â”ƒ    [34mâ”‚  [0m[34mâ”‚  [0m      [34mâ”Œâ”€ [0m[32mâœ” system-path[0m [90mâ± 2s[0m
â”ƒ    [34mâ”‚  [0m[34mâ”‚  [0m   [34mâ”Œâ”€ [0m[32mâœ” dbus-1[0m [90m[0m
â”ƒ    [34mâ”‚  [0m[34mâ”‚  [0m[34mâ”Œâ”€ [0m[32mâœ” X-Restart-Triggers-dbus[0m [90m[0m
â”ƒ    [34mâ”‚  [0m[34mâ”œâ”€ [0m[32mâœ” unit-dbus.service[0m [90m[0m
â”ƒ    [34mâ”œâ”€ [0m[32mâœ” system-units[0m [90m[0m
â”ƒ [34mâ”Œâ”€ [0m[32mâœ” etc[0m [90m[0m
â”ƒ [32mâœ” nixos-system-pccasa-25.11.20250603.c2a0396[0m [90m[0m[0m
â”£â”â”â” [1mBuilds          [0m
â”—â” âˆ‘ [33mâµ 0[0m â”‚ [32mâœ” [1m16[0m[0m â”‚ [34mâ¸ 0[0m â”‚ [1m[32mFinished at 20:06:47 after 19s[0m[0m[?2026l[?25h
[32m>[39m Comparing changes
<<< /run/current-system
>>> /tmp/nh-osvfJKbb/result
No version or selection state changes.
Closure size: 2293 -> 2293 (16 paths added, 16 paths removed, delta +0, disk usage +0B).
[32m>[39m Activating configuration
stopping the following units: accounts-daemon.service
activating the configuration...
reloading user units for miniluz...
restarting sysinit-reactivation.target
reloading the following units: dbus.service
restarting the following units: polkit.service
starting the following units: accounts-daemon.service
the following new units were started: NetworkManager-dispatcher.service
[32m>[39m Adding configuration to bootloader
